[2020-11-09 15:13:32,130] [pid=86271] [[32m[32mINFO[0m:[0m]: Lock auto-refresh thread has started...
[2020-11-09 15:13:32,131] [pid=86271] [[32m[32mINFO[0m:[0m]: Reporter starting...
[2020-11-09 15:13:32,136] [pid=86271] [[33m[33mDEBUG[0m:[0m]: Refresh interval is 20.0s
[2020-11-09 15:13:32,136] [pid=86271] [[33m[33mDEBUG[0m:[0m]: Env-var 'WIX_DEVEX_BI_PROFILES_PATH' does not exist.
[2020-11-09 15:13:32,136] [pid=86271] [[33m[33mDEBUG[0m:[0m]: Using default value '/Users/lidanh/.config/wix/bazelwrapper/profiles'
[2020-11-09 15:13:32,136] [pid=86271] [[32m[32mINFO[0m:[0m]: Going to process profile: /Users/lidanh/.config/wix/bazelwrapper/profiles/23145c71-6c37-4c7f-9d51-44ea5d608d4d.prof.gz
[2020-11-09 15:13:32,136] [pid=86271] [[33m[33mDEBUG[0m:[0m]: Gzip compression for Frog? False
[2020-11-09 15:13:32,137] [pid=86271] [[33m[33mDEBUG[0m:[0m]: Frog batch API disabled? False
[2020-11-09 15:13:32,137] [pid=86271] [[33m[33mDEBUG[0m:[0m]: Env-var 'WIX_DEVEX_FROG_BATCH_SIZE' does not exist.
[2020-11-09 15:13:32,137] [pid=86271] [[33m[33mDEBUG[0m:[0m]: Using default value '50'
[2020-11-09 15:13:32,137] [pid=86271] [[33m[33mDEBUG[0m:[0m]: Frog batch size is set to? 50
[2020-11-09 15:13:32,138] [pid=86271] [[32m[32mINFO[0m:[0m]: Processing profile for build_id='1ac05120-748e-4f03-85ce-d238be369634'
[2020-11-09 15:13:32,627] [pid=86271] [[33m[33mDEBUG[0m:[0m]: Batch sent successfully (size=50)
[2020-11-09 15:13:32,628] [pid=86271] [[33m[33mDEBUG[0m:[0m]: Finish event found. Total build time recorded.
[2020-11-09 15:13:32,628] [pid=86271] [[32m[32mINFO[0m:[0m]: Sending build stats event...
[2020-11-09 15:13:32,779] [pid=86271] [[32m[32mINFO[0m:[0m]: Stats event send successfully.
[2020-11-09 15:13:33,081] [pid=86271] [[33m[33mDEBUG[0m:[0m]: Batch sent successfully (size=49)
[2020-11-09 15:13:33,081] [pid=86271] [[33m[33mDEBUG[0m:[0m]: Successfully sent 99 events out of 99 events sent.
[2020-11-09 15:13:33,081] [pid=86271] [[32m[32mINFO[0m:[0m]: Finished processing profile '/Users/lidanh/.config/wix/bazelwrapper/profiles/23145c71-6c37-4c7f-9d51-44ea5d608d4d.prof.gz'.
[2020-11-09 15:13:33,081] [pid=86271] [[33m[33mDEBUG[0m:[0m]: Deleting profile: /Users/lidanh/.config/wix/bazelwrapper/profiles/23145c71-6c37-4c7f-9d51-44ea5d608d4d.prof.gz
[2020-11-09 15:13:33,089] [pid=86271] [[33m[33mDEBUG[0m:[0m]: Deleting profile info file: /Users/lidanh/.config/wix/bazelwrapper/profiles/23145c71-6c37-4c7f-9d51-44ea5d608d4d.prof.gz.info
[2020-11-09 15:13:33,090] [pid=86271] [[33m[33mDEBUG[0m:[0m]: Env-var 'WIX_DEVEX_BI_PROFILES_PATH' does not exist.
[2020-11-09 15:13:33,091] [pid=86271] [[33m[33mDEBUG[0m:[0m]: Using default value '/Users/lidanh/.config/wix/bazelwrapper/profiles'
[2020-11-09 15:13:33,091] [pid=86271] [[32m[32mINFO[0m:[0m]: Reporter finished.
[2020-11-09 22:41:26,498] [pid=88898] [[32m[32mINFO[0m:[0m]: Lock auto-refresh thread has started...
[2020-11-09 22:41:26,499] [pid=88898] [[32m[32mINFO[0m:[0m]: Reporter starting...
[2020-11-09 22:41:26,499] [pid=88898] [[33m[33mDEBUG[0m:[0m]: Refresh interval is 20.0s
[2020-11-09 22:41:26,499] [pid=88898] [[33m[33mDEBUG[0m:[0m]: Env-var 'WIX_DEVEX_BI_PROFILES_PATH' does not exist.
[2020-11-09 22:41:26,499] [pid=88898] [[33m[33mDEBUG[0m:[0m]: Using default value '/Users/lidanh/.config/wix/bazelwrapper/profiles'
[2020-11-09 22:41:26,499] [pid=88898] [[32m[32mINFO[0m:[0m]: Going to process profile: /Users/lidanh/.config/wix/bazelwrapper/profiles/835f2e24-3bf0-438c-9419-a0ea5dcf2ff6.prof.gz
[2020-11-09 22:41:26,499] [pid=88898] [[33m[33mDEBUG[0m:[0m]: Gzip compression for Frog? False
[2020-11-09 22:41:26,499] [pid=88898] [[33m[33mDEBUG[0m:[0m]: Frog batch API disabled? False
[2020-11-09 22:41:26,500] [pid=88898] [[33m[33mDEBUG[0m:[0m]: Env-var 'WIX_DEVEX_FROG_BATCH_SIZE' does not exist.
[2020-11-09 22:41:26,500] [pid=88898] [[33m[33mDEBUG[0m:[0m]: Using default value '50'
[2020-11-09 22:41:26,500] [pid=88898] [[33m[33mDEBUG[0m:[0m]: Frog batch size is set to? 50
[2020-11-09 22:41:26,500] [pid=88898] [[32m[32mINFO[0m:[0m]: Processing profile for build_id='827c812b-1f6d-4f3e-bf6a-67c72068f1ce'
[2020-11-09 22:41:27,350] [pid=88898] [[33m[33mDEBUG[0m:[0m]: Batch sent successfully (size=50)
[2020-11-09 22:41:27,517] [pid=88898] [[33m[33mDEBUG[0m:[0m]: Batch sent successfully (size=50)
[2020-11-09 22:41:27,517] [pid=88898] [[33m[33mDEBUG[0m:[0m]: Finish event found. Total build time recorded.
[2020-11-09 22:41:27,517] [pid=88898] [[32m[32mINFO[0m:[0m]: Sending build stats event...
[2020-11-09 22:41:27,679] [pid=88898] [[32m[32mINFO[0m:[0m]: Stats event send successfully.
[2020-11-09 22:41:27,841] [pid=88898] [[33m[33mDEBUG[0m:[0m]: Batch sent successfully (size=3)
[2020-11-09 22:41:27,841] [pid=88898] [[33m[33mDEBUG[0m:[0m]: Successfully sent 103 events out of 103 events sent.
[2020-11-09 22:41:27,842] [pid=88898] [[32m[32mINFO[0m:[0m]: Finished processing profile '/Users/lidanh/.config/wix/bazelwrapper/profiles/835f2e24-3bf0-438c-9419-a0ea5dcf2ff6.prof.gz'.
[2020-11-09 22:41:27,842] [pid=88898] [[33m[33mDEBUG[0m:[0m]: Deleting profile: /Users/lidanh/.config/wix/bazelwrapper/profiles/835f2e24-3bf0-438c-9419-a0ea5dcf2ff6.prof.gz
[2020-11-09 22:41:27,842] [pid=88898] [[33m[33mDEBUG[0m:[0m]: Deleting profile info file: /Users/lidanh/.config/wix/bazelwrapper/profiles/835f2e24-3bf0-438c-9419-a0ea5dcf2ff6.prof.gz.info
[2020-11-09 22:41:27,843] [pid=88898] [[33m[33mDEBUG[0m:[0m]: Env-var 'WIX_DEVEX_BI_PROFILES_PATH' does not exist.
[2020-11-09 22:41:27,843] [pid=88898] [[33m[33mDEBUG[0m:[0m]: Using default value '/Users/lidanh/.config/wix/bazelwrapper/profiles'
[2020-11-09 22:41:27,843] [pid=88898] [[32m[32mINFO[0m:[0m]: Reporter finished.
[2020-11-09 22:42:42,585] [pid=89440] [[32m[32mINFO[0m:[0m]: Lock auto-refresh thread has started...
[2020-11-09 22:42:42,585] [pid=89440] [[33m[33mDEBUG[0m:[0m]: Refresh interval is 20.0s
[2020-11-09 22:42:42,586] [pid=89440] [[32m[32mINFO[0m:[0m]: Reporter starting...
[2020-11-09 22:42:42,586] [pid=89440] [[33m[33mDEBUG[0m:[0m]: Env-var 'WIX_DEVEX_BI_PROFILES_PATH' does not exist.
[2020-11-09 22:42:42,586] [pid=89440] [[33m[33mDEBUG[0m:[0m]: Using default value '/Users/lidanh/.config/wix/bazelwrapper/profiles'
[2020-11-09 22:42:42,586] [pid=89440] [[32m[32mINFO[0m:[0m]: Going to process profile: /Users/lidanh/.config/wix/bazelwrapper/profiles/01049bb2-f56d-41f7-b71b-a285484ae77b.prof.gz
[2020-11-09 22:42:42,586] [pid=89440] [[33m[33mDEBUG[0m:[0m]: Gzip compression for Frog? False
[2020-11-09 22:42:42,586] [pid=89440] [[33m[33mDEBUG[0m:[0m]: Frog batch API disabled? False
[2020-11-09 22:42:42,586] [pid=89440] [[33m[33mDEBUG[0m:[0m]: Env-var 'WIX_DEVEX_FROG_BATCH_SIZE' does not exist.
[2020-11-09 22:42:42,586] [pid=89440] [[33m[33mDEBUG[0m:[0m]: Using default value '50'
[2020-11-09 22:42:42,586] [pid=89440] [[33m[33mDEBUG[0m:[0m]: Frog batch size is set to? 50
[2020-11-09 22:42:42,587] [pid=89440] [[32m[32mINFO[0m:[0m]: Processing profile for build_id='4594fe06-6a6f-4088-917f-b95744984574'
[2020-11-09 22:42:43,344] [pid=89440] [[33m[33mDEBUG[0m:[0m]: Batch sent successfully (size=50)
[2020-11-09 22:42:43,344] [pid=89440] [[33m[33mDEBUG[0m:[0m]: Finish event found. Total build time recorded.
[2020-11-09 22:42:43,345] [pid=89440] [[32m[32mINFO[0m:[0m]: Sending build stats event...
[2020-11-09 22:42:43,506] [pid=89440] [[32m[32mINFO[0m:[0m]: Stats event send successfully.
[2020-11-09 22:42:43,674] [pid=89440] [[33m[33mDEBUG[0m:[0m]: Batch sent successfully (size=48)
[2020-11-09 22:42:43,675] [pid=89440] [[33m[33mDEBUG[0m:[0m]: Successfully sent 98 events out of 98 events sent.
[2020-11-09 22:42:43,675] [pid=89440] [[32m[32mINFO[0m:[0m]: Finished processing profile '/Users/lidanh/.config/wix/bazelwrapper/profiles/01049bb2-f56d-41f7-b71b-a285484ae77b.prof.gz'.
[2020-11-09 22:42:43,675] [pid=89440] [[33m[33mDEBUG[0m:[0m]: Deleting profile: /Users/lidanh/.config/wix/bazelwrapper/profiles/01049bb2-f56d-41f7-b71b-a285484ae77b.prof.gz
[2020-11-09 22:42:43,676] [pid=89440] [[33m[33mDEBUG[0m:[0m]: Deleting profile info file: /Users/lidanh/.config/wix/bazelwrapper/profiles/01049bb2-f56d-41f7-b71b-a285484ae77b.prof.gz.info
[2020-11-09 22:42:43,676] [pid=89440] [[33m[33mDEBUG[0m:[0m]: Env-var 'WIX_DEVEX_BI_PROFILES_PATH' does not exist.
[2020-11-09 22:42:43,676] [pid=89440] [[33m[33mDEBUG[0m:[0m]: Using default value '/Users/lidanh/.config/wix/bazelwrapper/profiles'
[2020-11-09 22:42:43,676] [pid=89440] [[32m[32mINFO[0m:[0m]: Reporter finished.
[2020-11-09 22:53:24,384] [pid=92703] [[32m[32mINFO[0m:[0m]: Lock auto-refresh thread has started...
[2020-11-09 22:53:24,385] [pid=92703] [[32m[32mINFO[0m:[0m]: Reporter starting...
[2020-11-09 22:53:24,385] [pid=92703] [[33m[33mDEBUG[0m:[0m]: Refresh interval is 20.0s
[2020-11-09 22:53:24,385] [pid=92703] [[33m[33mDEBUG[0m:[0m]: Env-var 'WIX_DEVEX_BI_PROFILES_PATH' does not exist.
[2020-11-09 22:53:24,385] [pid=92703] [[33m[33mDEBUG[0m:[0m]: Using default value '/Users/lidanh/.config/wix/bazelwrapper/profiles'
[2020-11-09 22:53:24,385] [pid=92703] [[32m[32mINFO[0m:[0m]: Going to process profile: /Users/lidanh/.config/wix/bazelwrapper/profiles/d662b136-e387-43e7-82c1-8bffde5c2576.prof.gz
[2020-11-09 22:53:24,385] [pid=92703] [[33m[33mDEBUG[0m:[0m]: Gzip compression for Frog? False
[2020-11-09 22:53:24,385] [pid=92703] [[33m[33mDEBUG[0m:[0m]: Frog batch API disabled? False
[2020-11-09 22:53:24,385] [pid=92703] [[33m[33mDEBUG[0m:[0m]: Env-var 'WIX_DEVEX_FROG_BATCH_SIZE' does not exist.
[2020-11-09 22:53:24,385] [pid=92703] [[33m[33mDEBUG[0m:[0m]: Using default value '50'
[2020-11-09 22:53:24,385] [pid=92703] [[33m[33mDEBUG[0m:[0m]: Frog batch size is set to? 50
[2020-11-09 22:53:24,441] [pid=92703] [[32m[32mINFO[0m:[0m]: Processing profile for build_id='cd974039-c002-4eaa-9f4e-d414d8fdeb33'
[2020-11-09 22:53:25,253] [pid=92703] [[33m[33mDEBUG[0m:[0m]: Batch sent successfully (size=50)
[2020-11-09 22:53:25,426] [pid=92703] [[33m[33mDEBUG[0m:[0m]: Batch sent successfully (size=50)
[2020-11-09 22:53:25,597] [pid=92703] [[33m[33mDEBUG[0m:[0m]: Batch sent successfully (size=50)
[2020-11-09 22:53:25,769] [pid=92703] [[33m[33mDEBUG[0m:[0m]: Batch sent successfully (size=50)
[2020-11-09 22:53:25,770] [pid=92703] [[33m[33mDEBUG[0m:[0m]: 200 events processed...
[2020-11-09 22:53:25,942] [pid=92703] [[33m[33mDEBUG[0m:[0m]: Batch sent successfully (size=50)
[2020-11-09 22:53:26,121] [pid=92703] [[33m[33mDEBUG[0m:[0m]: Batch sent successfully (size=50)
[2020-11-09 22:53:26,292] [pid=92703] [[33m[33mDEBUG[0m:[0m]: Batch sent successfully (size=50)
[2020-11-09 22:53:26,466] [pid=92703] [[33m[33mDEBUG[0m:[0m]: Batch sent successfully (size=50)
[2020-11-09 22:53:26,467] [pid=92703] [[33m[33mDEBUG[0m:[0m]: 400 events processed...
[2020-11-09 22:53:26,634] [pid=92703] [[33m[33mDEBUG[0m:[0m]: Batch sent successfully (size=50)
[2020-11-09 22:53:26,806] [pid=92703] [[33m[33mDEBUG[0m:[0m]: Batch sent successfully (size=50)
[2020-11-09 22:53:26,978] [pid=92703] [[33m[33mDEBUG[0m:[0m]: Batch sent successfully (size=50)
[2020-11-09 22:53:27,146] [pid=92703] [[33m[33mDEBUG[0m:[0m]: Batch sent successfully (size=50)
[2020-11-09 22:53:27,146] [pid=92703] [[33m[33mDEBUG[0m:[0m]: 600 events processed...
[2020-11-09 22:53:27,317] [pid=92703] [[33m[33mDEBUG[0m:[0m]: Batch sent successfully (size=50)
[2020-11-09 22:53:27,484] [pid=92703] [[33m[33mDEBUG[0m:[0m]: Batch sent successfully (size=50)
[2020-11-09 22:53:27,657] [pid=92703] [[33m[33mDEBUG[0m:[0m]: Batch sent successfully (size=50)
[2020-11-09 22:53:27,833] [pid=92703] [[33m[33mDEBUG[0m:[0m]: Batch sent successfully (size=50)
[2020-11-09 22:53:27,833] [pid=92703] [[33m[33mDEBUG[0m:[0m]: 800 events processed...
[2020-11-09 22:53:28,005] [pid=92703] [[33m[33mDEBUG[0m:[0m]: Batch sent successfully (size=50)
[2020-11-09 22:53:28,176] [pid=92703] [[33m[33mDEBUG[0m:[0m]: Batch sent successfully (size=50)
[2020-11-09 22:53:28,348] [pid=92703] [[33m[33mDEBUG[0m:[0m]: Batch sent successfully (size=50)
[2020-11-09 22:53:28,516] [pid=92703] [[33m[33mDEBUG[0m:[0m]: Batch sent successfully (size=50)
[2020-11-09 22:53:28,516] [pid=92703] [[33m[33mDEBUG[0m:[0m]: 1000 events processed...
[2020-11-09 22:53:28,685] [pid=92703] [[33m[33mDEBUG[0m:[0m]: Batch sent successfully (size=50)
[2020-11-09 22:53:28,858] [pid=92703] [[33m[33mDEBUG[0m:[0m]: Batch sent successfully (size=50)
[2020-11-09 22:53:29,039] [pid=92703] [[33m[33mDEBUG[0m:[0m]: Batch sent successfully (size=50)
[2020-11-09 22:53:29,221] [pid=92703] [[33m[33mDEBUG[0m:[0m]: Batch sent successfully (size=50)
[2020-11-09 22:53:29,221] [pid=92703] [[33m[33mDEBUG[0m:[0m]: 1200 events processed...
[2020-11-09 22:53:29,400] [pid=92703] [[33m[33mDEBUG[0m:[0m]: Batch sent successfully (size=50)
[2020-11-09 22:53:29,573] [pid=92703] [[33m[33mDEBUG[0m:[0m]: Batch sent successfully (size=50)
[2020-11-09 22:53:29,745] [pid=92703] [[33m[33mDEBUG[0m:[0m]: Batch sent successfully (size=50)
[2020-11-09 22:53:29,918] [pid=92703] [[33m[33mDEBUG[0m:[0m]: Batch sent successfully (size=50)
[2020-11-09 22:53:29,918] [pid=92703] [[33m[33mDEBUG[0m:[0m]: 1400 events processed...
[2020-11-09 22:53:30,099] [pid=92703] [[33m[33mDEBUG[0m:[0m]: Batch sent successfully (size=50)
[2020-11-09 22:53:30,274] [pid=92703] [[33m[33mDEBUG[0m:[0m]: Batch sent successfully (size=50)
[2020-11-09 22:53:30,448] [pid=92703] [[33m[33mDEBUG[0m:[0m]: Batch sent successfully (size=50)
[2020-11-09 22:53:30,619] [pid=92703] [[33m[33mDEBUG[0m:[0m]: Batch sent successfully (size=50)
[2020-11-09 22:53:30,619] [pid=92703] [[33m[33mDEBUG[0m:[0m]: 1600 events processed...
[2020-11-09 22:53:30,791] [pid=92703] [[33m[33mDEBUG[0m:[0m]: Batch sent successfully (size=50)
[2020-11-09 22:53:30,967] [pid=92703] [[33m[33mDEBUG[0m:[0m]: Batch sent successfully (size=50)
[2020-11-09 22:53:31,142] [pid=92703] [[33m[33mDEBUG[0m:[0m]: Batch sent successfully (size=50)
[2020-11-09 22:53:31,319] [pid=92703] [[33m[33mDEBUG[0m:[0m]: Batch sent successfully (size=50)
[2020-11-09 22:53:31,319] [pid=92703] [[33m[33mDEBUG[0m:[0m]: 1800 events processed...
[2020-11-09 22:53:31,488] [pid=92703] [[33m[33mDEBUG[0m:[0m]: Batch sent successfully (size=50)
[2020-11-09 22:53:31,667] [pid=92703] [[33m[33mDEBUG[0m:[0m]: Batch sent successfully (size=50)
[2020-11-09 22:53:31,840] [pid=92703] [[33m[33mDEBUG[0m:[0m]: Batch sent successfully (size=50)
[2020-11-09 22:53:32,015] [pid=92703] [[33m[33mDEBUG[0m:[0m]: Batch sent successfully (size=50)
[2020-11-09 22:53:32,015] [pid=92703] [[33m[33mDEBUG[0m:[0m]: 2000 events processed...
[2020-11-09 22:53:32,186] [pid=92703] [[33m[33mDEBUG[0m:[0m]: Batch sent successfully (size=50)
[2020-11-09 22:53:32,358] [pid=92703] [[33m[33mDEBUG[0m:[0m]: Batch sent successfully (size=50)
[2020-11-09 22:53:32,525] [pid=92703] [[33m[33mDEBUG[0m:[0m]: Batch sent successfully (size=50)
[2020-11-09 22:53:32,698] [pid=92703] [[33m[33mDEBUG[0m:[0m]: Batch sent successfully (size=50)
[2020-11-09 22:53:32,698] [pid=92703] [[33m[33mDEBUG[0m:[0m]: 2200 events processed...
[2020-11-09 22:53:32,868] [pid=92703] [[33m[33mDEBUG[0m:[0m]: Batch sent successfully (size=50)
[2020-11-09 22:53:33,044] [pid=92703] [[33m[33mDEBUG[0m:[0m]: Batch sent successfully (size=50)
[2020-11-09 22:53:33,219] [pid=92703] [[33m[33mDEBUG[0m:[0m]: Batch sent successfully (size=50)
[2020-11-09 22:53:33,391] [pid=92703] [[33m[33mDEBUG[0m:[0m]: Batch sent successfully (size=50)
[2020-11-09 22:53:33,391] [pid=92703] [[33m[33mDEBUG[0m:[0m]: 2400 events processed...
[2020-11-09 22:53:33,559] [pid=92703] [[33m[33mDEBUG[0m:[0m]: Batch sent successfully (size=50)
[2020-11-09 22:53:33,731] [pid=92703] [[33m[33mDEBUG[0m:[0m]: Batch sent successfully (size=50)
[2020-11-09 22:53:33,911] [pid=92703] [[33m[33mDEBUG[0m:[0m]: Batch sent successfully (size=50)
[2020-11-09 22:53:34,086] [pid=92703] [[33m[33mDEBUG[0m:[0m]: Batch sent successfully (size=50)
[2020-11-09 22:53:34,086] [pid=92703] [[33m[33mDEBUG[0m:[0m]: 2600 events processed...
[2020-11-09 22:53:34,260] [pid=92703] [[33m[33mDEBUG[0m:[0m]: Batch sent successfully (size=50)
[2020-11-09 22:53:34,432] [pid=92703] [[33m[33mDEBUG[0m:[0m]: Batch sent successfully (size=50)
[2020-11-09 22:53:34,602] [pid=92703] [[33m[33mDEBUG[0m:[0m]: Batch sent successfully (size=50)
[2020-11-09 22:53:34,774] [pid=92703] [[33m[33mDEBUG[0m:[0m]: Batch sent successfully (size=50)
[2020-11-09 22:53:34,774] [pid=92703] [[33m[33mDEBUG[0m:[0m]: 2800 events processed...
[2020-11-09 22:53:34,945] [pid=92703] [[33m[33mDEBUG[0m:[0m]: Batch sent successfully (size=50)
[2020-11-09 22:53:35,119] [pid=92703] [[33m[33mDEBUG[0m:[0m]: Batch sent successfully (size=50)
[2020-11-09 22:53:35,293] [pid=92703] [[33m[33mDEBUG[0m:[0m]: Batch sent successfully (size=50)
[2020-11-09 22:53:35,473] [pid=92703] [[33m[33mDEBUG[0m:[0m]: Batch sent successfully (size=50)
[2020-11-09 22:53:35,473] [pid=92703] [[33m[33mDEBUG[0m:[0m]: 3000 events processed...
[2020-11-09 22:53:35,647] [pid=92703] [[33m[33mDEBUG[0m:[0m]: Batch sent successfully (size=50)
[2020-11-09 22:53:35,817] [pid=92703] [[33m[33mDEBUG[0m:[0m]: Batch sent successfully (size=50)
[2020-11-09 22:53:35,817] [pid=92703] [[33m[33mDEBUG[0m:[0m]: Analysis phase duration recorded.
[2020-11-09 22:53:35,990] [pid=92703] [[33m[33mDEBUG[0m:[0m]: Batch sent successfully (size=50)
[2020-11-09 22:53:36,161] [pid=92703] [[33m[33mDEBUG[0m:[0m]: Batch sent successfully (size=50)
[2020-11-09 22:53:36,161] [pid=92703] [[33m[33mDEBUG[0m:[0m]: 3200 events processed...
[2020-11-09 22:53:36,338] [pid=92703] [[33m[33mDEBUG[0m:[0m]: Batch sent successfully (size=50)
[2020-11-09 22:53:36,505] [pid=92703] [[33m[33mDEBUG[0m:[0m]: Batch sent successfully (size=50)
[2020-11-09 22:53:36,678] [pid=92703] [[33m[33mDEBUG[0m:[0m]: Batch sent successfully (size=50)
[2020-11-09 22:53:36,846] [pid=92703] [[33m[33mDEBUG[0m:[0m]: Batch sent successfully (size=50)
[2020-11-09 22:53:36,846] [pid=92703] [[33m[33mDEBUG[0m:[0m]: 3400 events processed...
[2020-11-09 22:53:37,013] [pid=92703] [[33m[33mDEBUG[0m:[0m]: Batch sent successfully (size=50)
[2020-11-09 22:53:37,181] [pid=92703] [[33m[33mDEBUG[0m:[0m]: Batch sent successfully (size=50)
[2020-11-09 22:53:37,353] [pid=92703] [[33m[33mDEBUG[0m:[0m]: Batch sent successfully (size=50)
[2020-11-09 22:53:37,522] [pid=92703] [[33m[33mDEBUG[0m:[0m]: Batch sent successfully (size=50)
[2020-11-09 22:53:37,522] [pid=92703] [[33m[33mDEBUG[0m:[0m]: 3600 events processed...
[2020-11-09 22:53:37,691] [pid=92703] [[33m[33mDEBUG[0m:[0m]: Batch sent successfully (size=50)
[2020-11-09 22:53:37,868] [pid=92703] [[33m[33mDEBUG[0m:[0m]: Batch sent successfully (size=50)
[2020-11-09 22:53:38,043] [pid=92703] [[33m[33mDEBUG[0m:[0m]: Batch sent successfully (size=50)
[2020-11-09 22:53:38,219] [pid=92703] [[33m[33mDEBUG[0m:[0m]: Batch sent successfully (size=50)
[2020-11-09 22:53:38,219] [pid=92703] [[33m[33mDEBUG[0m:[0m]: 3800 events processed...
[2020-11-09 22:53:38,390] [pid=92703] [[33m[33mDEBUG[0m:[0m]: Batch sent successfully (size=50)
[2020-11-09 22:53:38,561] [pid=92703] [[33m[33mDEBUG[0m:[0m]: Batch sent successfully (size=50)
[2020-11-09 22:53:38,730] [pid=92703] [[33m[33mDEBUG[0m:[0m]: Batch sent successfully (size=50)
[2020-11-09 22:53:38,900] [pid=92703] [[33m[33mDEBUG[0m:[0m]: Batch sent successfully (size=50)
[2020-11-09 22:53:38,900] [pid=92703] [[33m[33mDEBUG[0m:[0m]: 4000 events processed...
[2020-11-09 22:53:39,075] [pid=92703] [[33m[33mDEBUG[0m:[0m]: Batch sent successfully (size=50)
[2020-11-09 22:53:39,241] [pid=92703] [[33m[33mDEBUG[0m:[0m]: Batch sent successfully (size=50)
[2020-11-09 22:53:39,410] [pid=92703] [[33m[33mDEBUG[0m:[0m]: Batch sent successfully (size=50)
[2020-11-09 22:53:39,578] [pid=92703] [[33m[33mDEBUG[0m:[0m]: Batch sent successfully (size=50)
[2020-11-09 22:53:39,578] [pid=92703] [[33m[33mDEBUG[0m:[0m]: 4200 events processed...
[2020-11-09 22:53:39,750] [pid=92703] [[33m[33mDEBUG[0m:[0m]: Batch sent successfully (size=50)
[2020-11-09 22:53:39,918] [pid=92703] [[33m[33mDEBUG[0m:[0m]: Batch sent successfully (size=50)
[2020-11-09 22:53:40,100] [pid=92703] [[33m[33mDEBUG[0m:[0m]: Batch sent successfully (size=50)
[2020-11-09 22:53:40,269] [pid=92703] [[33m[33mDEBUG[0m:[0m]: Batch sent successfully (size=50)
[2020-11-09 22:53:40,269] [pid=92703] [[33m[33mDEBUG[0m:[0m]: 4400 events processed...
[2020-11-09 22:53:40,441] [pid=92703] [[33m[33mDEBUG[0m:[0m]: Batch sent successfully (size=50)
[2020-11-09 22:53:40,621] [pid=92703] [[33m[33mDEBUG[0m:[0m]: Batch sent successfully (size=50)
[2020-11-09 22:53:40,796] [pid=92703] [[33m[33mDEBUG[0m:[0m]: Batch sent successfully (size=50)
[2020-11-09 22:53:40,964] [pid=92703] [[33m[33mDEBUG[0m:[0m]: Batch sent successfully (size=50)
[2020-11-09 22:53:40,964] [pid=92703] [[33m[33mDEBUG[0m:[0m]: 4600 events processed...
[2020-11-09 22:53:41,131] [pid=92703] [[33m[33mDEBUG[0m:[0m]: Batch sent successfully (size=50)
[2020-11-09 22:53:41,303] [pid=92703] [[33m[33mDEBUG[0m:[0m]: Batch sent successfully (size=50)
[2020-11-09 22:53:41,473] [pid=92703] [[33m[33mDEBUG[0m:[0m]: Batch sent successfully (size=50)
[2020-11-09 22:53:41,646] [pid=92703] [[33m[33mDEBUG[0m:[0m]: Batch sent successfully (size=50)
[2020-11-09 22:53:41,646] [pid=92703] [[33m[33mDEBUG[0m:[0m]: 4800 events processed...
[2020-11-09 22:53:41,814] [pid=92703] [[33m[33mDEBUG[0m:[0m]: Batch sent successfully (size=50)
[2020-11-09 22:53:41,989] [pid=92703] [[33m[33mDEBUG[0m:[0m]: Batch sent successfully (size=50)
[2020-11-09 22:53:42,161] [pid=92703] [[33m[33mDEBUG[0m:[0m]: Batch sent successfully (size=50)
[2020-11-09 22:53:42,332] [pid=92703] [[33m[33mDEBUG[0m:[0m]: Batch sent successfully (size=50)
[2020-11-09 22:53:42,333] [pid=92703] [[33m[33mDEBUG[0m:[0m]: 5000 events processed...
[2020-11-09 22:53:42,501] [pid=92703] [[33m[33mDEBUG[0m:[0m]: Batch sent successfully (size=50)
[2020-11-09 22:53:42,677] [pid=92703] [[33m[33mDEBUG[0m:[0m]: Batch sent successfully (size=50)
[2020-11-09 22:53:42,844] [pid=92703] [[33m[33mDEBUG[0m:[0m]: Batch sent successfully (size=50)
[2020-11-09 22:53:43,020] [pid=92703] [[33m[33mDEBUG[0m:[0m]: Batch sent successfully (size=50)
[2020-11-09 22:53:43,020] [pid=92703] [[33m[33mDEBUG[0m:[0m]: 5200 events processed...
[2020-11-09 22:53:43,189] [pid=92703] [[33m[33mDEBUG[0m:[0m]: Batch sent successfully (size=50)
[2020-11-09 22:53:43,356] [pid=92703] [[33m[33mDEBUG[0m:[0m]: Batch sent successfully (size=50)
[2020-11-09 22:53:43,528] [pid=92703] [[33m[33mDEBUG[0m:[0m]: Batch sent successfully (size=50)
[2020-11-09 22:53:43,705] [pid=92703] [[33m[33mDEBUG[0m:[0m]: Batch sent successfully (size=50)
[2020-11-09 22:53:43,705] [pid=92703] [[33m[33mDEBUG[0m:[0m]: 5400 events processed...
[2020-11-09 22:53:43,876] [pid=92703] [[33m[33mDEBUG[0m:[0m]: Batch sent successfully (size=50)
[2020-11-09 22:53:44,048] [pid=92703] [[33m[33mDEBUG[0m:[0m]: Batch sent successfully (size=50)
[2020-11-09 22:53:44,217] [pid=92703] [[33m[33mDEBUG[0m:[0m]: Batch sent successfully (size=50)
[2020-11-09 22:53:44,385] [pid=92703] [[33m[33mDEBUG[0m:[0m]: Going to refresh lock...
[2020-11-09 22:53:44,386] [pid=92703] [[33m[33mDEBUG[0m:[0m]: Lock refreshed successfully. will refresh again in 20.0s...
[2020-11-09 22:53:44,389] [pid=92703] [[33m[33mDEBUG[0m:[0m]: Batch sent successfully (size=50)
[2020-11-09 22:53:44,390] [pid=92703] [[33m[33mDEBUG[0m:[0m]: 5600 events processed...
[2020-11-09 22:53:44,561] [pid=92703] [[33m[33mDEBUG[0m:[0m]: Batch sent successfully (size=50)
[2020-11-09 22:53:44,732] [pid=92703] [[33m[33mDEBUG[0m:[0m]: Batch sent successfully (size=50)
[2020-11-09 22:53:44,901] [pid=92703] [[33m[33mDEBUG[0m:[0m]: Batch sent successfully (size=50)
[2020-11-09 22:53:45,074] [pid=92703] [[33m[33mDEBUG[0m:[0m]: Batch sent successfully (size=50)
[2020-11-09 22:53:45,074] [pid=92703] [[33m[33mDEBUG[0m:[0m]: 5800 events processed...
[2020-11-09 22:53:45,248] [pid=92703] [[33m[33mDEBUG[0m:[0m]: Batch sent successfully (size=50)
[2020-11-09 22:53:45,417] [pid=92703] [[33m[33mDEBUG[0m:[0m]: Batch sent successfully (size=50)
[2020-11-09 22:53:45,585] [pid=92703] [[33m[33mDEBUG[0m:[0m]: Batch sent successfully (size=50)
[2020-11-09 22:53:45,756] [pid=92703] [[33m[33mDEBUG[0m:[0m]: Batch sent successfully (size=50)
[2020-11-09 22:53:45,756] [pid=92703] [[33m[33mDEBUG[0m:[0m]: 6000 events processed...
[2020-11-09 22:53:45,926] [pid=92703] [[33m[33mDEBUG[0m:[0m]: Batch sent successfully (size=50)
[2020-11-09 22:53:46,099] [pid=92703] [[33m[33mDEBUG[0m:[0m]: Batch sent successfully (size=50)
[2020-11-09 22:53:46,275] [pid=92703] [[33m[33mDEBUG[0m:[0m]: Batch sent successfully (size=50)
[2020-11-09 22:53:46,447] [pid=92703] [[33m[33mDEBUG[0m:[0m]: Batch sent successfully (size=50)
[2020-11-09 22:53:46,447] [pid=92703] [[33m[33mDEBUG[0m:[0m]: 6200 events processed...
[2020-11-09 22:53:46,616] [pid=92703] [[33m[33mDEBUG[0m:[0m]: Batch sent successfully (size=50)
[2020-11-09 22:53:46,786] [pid=92703] [[33m[33mDEBUG[0m:[0m]: Batch sent successfully (size=50)
[2020-11-09 22:53:46,955] [pid=92703] [[33m[33mDEBUG[0m:[0m]: Batch sent successfully (size=50)
[2020-11-09 22:53:47,123] [pid=92703] [[33m[33mDEBUG[0m:[0m]: Batch sent successfully (size=50)
[2020-11-09 22:53:47,123] [pid=92703] [[33m[33mDEBUG[0m:[0m]: 6400 events processed...
[2020-11-09 22:53:47,300] [pid=92703] [[33m[33mDEBUG[0m:[0m]: Batch sent successfully (size=50)
[2020-11-09 22:53:47,471] [pid=92703] [[33m[33mDEBUG[0m:[0m]: Batch sent successfully (size=50)
[2020-11-09 22:53:47,748] [pid=92703] [[33m[33mDEBUG[0m:[0m]: Batch sent successfully (size=50)
[2020-11-09 22:53:47,917] [pid=92703] [[33m[33mDEBUG[0m:[0m]: Batch sent successfully (size=50)
[2020-11-09 22:53:47,917] [pid=92703] [[33m[33mDEBUG[0m:[0m]: 6600 events processed...
[2020-11-09 22:53:48,090] [pid=92703] [[33m[33mDEBUG[0m:[0m]: Batch sent successfully (size=50)
[2020-11-09 22:53:48,262] [pid=92703] [[33m[33mDEBUG[0m:[0m]: Batch sent successfully (size=50)
[2020-11-09 22:53:48,433] [pid=92703] [[33m[33mDEBUG[0m:[0m]: Batch sent successfully (size=50)
[2020-11-09 22:53:48,613] [pid=92703] [[33m[33mDEBUG[0m:[0m]: Batch sent successfully (size=50)
[2020-11-09 22:53:48,616] [pid=92703] [[33m[33mDEBUG[0m:[0m]: 6800 events processed...
[2020-11-09 22:53:48,788] [pid=92703] [[33m[33mDEBUG[0m:[0m]: Batch sent successfully (size=50)
[2020-11-09 22:53:48,959] [pid=92703] [[33m[33mDEBUG[0m:[0m]: Batch sent successfully (size=50)
[2020-11-09 22:53:49,131] [pid=92703] [[33m[33mDEBUG[0m:[0m]: Batch sent successfully (size=50)
[2020-11-09 22:53:49,307] [pid=92703] [[33m[33mDEBUG[0m:[0m]: Batch sent successfully (size=50)
[2020-11-09 22:53:49,308] [pid=92703] [[33m[33mDEBUG[0m:[0m]: 7000 events processed...
[2020-11-09 22:53:49,479] [pid=92703] [[33m[33mDEBUG[0m:[0m]: Batch sent successfully (size=50)
[2020-11-09 22:53:49,647] [pid=92703] [[33m[33mDEBUG[0m:[0m]: Batch sent successfully (size=50)
[2020-11-09 22:53:49,819] [pid=92703] [[33m[33mDEBUG[0m:[0m]: Batch sent successfully (size=50)
[2020-11-09 22:53:49,999] [pid=92703] [[33m[33mDEBUG[0m:[0m]: Batch sent successfully (size=50)
[2020-11-09 22:53:49,999] [pid=92703] [[33m[33mDEBUG[0m:[0m]: 7200 events processed...
[2020-11-09 22:53:50,169] [pid=92703] [[33m[33mDEBUG[0m:[0m]: Batch sent successfully (size=50)
[2020-11-09 22:53:50,340] [pid=92703] [[33m[33mDEBUG[0m:[0m]: Batch sent successfully (size=50)
[2020-11-09 22:53:50,507] [pid=92703] [[33m[33mDEBUG[0m:[0m]: Batch sent successfully (size=50)
[2020-11-09 22:53:50,680] [pid=92703] [[33m[33mDEBUG[0m:[0m]: Batch sent successfully (size=50)
[2020-11-09 22:53:50,680] [pid=92703] [[33m[33mDEBUG[0m:[0m]: 7400 events processed...
[2020-11-09 22:53:50,853] [pid=92703] [[33m[33mDEBUG[0m:[0m]: Batch sent successfully (size=50)
[2020-11-09 22:53:51,026] [pid=92703] [[33m[33mDEBUG[0m:[0m]: Batch sent successfully (size=50)
[2020-11-09 22:53:51,197] [pid=92703] [[33m[33mDEBUG[0m:[0m]: Batch sent successfully (size=50)
[2020-11-09 22:53:51,368] [pid=92703] [[33m[33mDEBUG[0m:[0m]: Batch sent successfully (size=50)
[2020-11-09 22:53:51,368] [pid=92703] [[33m[33mDEBUG[0m:[0m]: 7600 events processed...
[2020-11-09 22:53:51,548] [pid=92703] [[33m[33mDEBUG[0m:[0m]: Batch sent successfully (size=50)
[2020-11-09 22:53:51,716] [pid=92703] [[33m[33mDEBUG[0m:[0m]: Batch sent successfully (size=50)
[2020-11-09 22:53:51,890] [pid=92703] [[33m[33mDEBUG[0m:[0m]: Batch sent successfully (size=50)
[2020-11-09 22:53:52,064] [pid=92703] [[33m[33mDEBUG[0m:[0m]: Batch sent successfully (size=50)
[2020-11-09 22:53:52,064] [pid=92703] [[33m[33mDEBUG[0m:[0m]: 7800 events processed...
[2020-11-09 22:53:52,231] [pid=92703] [[33m[33mDEBUG[0m:[0m]: Batch sent successfully (size=50)
[2020-11-09 22:53:52,405] [pid=92703] [[33m[33mDEBUG[0m:[0m]: Batch sent successfully (size=50)
[2020-11-09 22:53:52,574] [pid=92703] [[33m[33mDEBUG[0m:[0m]: Batch sent successfully (size=50)
[2020-11-09 22:53:52,742] [pid=92703] [[33m[33mDEBUG[0m:[0m]: Batch sent successfully (size=50)
[2020-11-09 22:53:52,743] [pid=92703] [[33m[33mDEBUG[0m:[0m]: 8000 events processed...
[2020-11-09 22:53:52,914] [pid=92703] [[33m[33mDEBUG[0m:[0m]: Batch sent successfully (size=50)
[2020-11-09 22:53:53,087] [pid=92703] [[33m[33mDEBUG[0m:[0m]: Batch sent successfully (size=50)
[2020-11-09 22:53:53,256] [pid=92703] [[33m[33mDEBUG[0m:[0m]: Batch sent successfully (size=50)
[2020-11-09 22:53:53,430] [pid=92703] [[33m[33mDEBUG[0m:[0m]: Batch sent successfully (size=50)
[2020-11-09 22:53:53,430] [pid=92703] [[33m[33mDEBUG[0m:[0m]: 8200 events processed...
[2020-11-09 22:53:53,598] [pid=92703] [[33m[33mDEBUG[0m:[0m]: Batch sent successfully (size=50)
[2020-11-09 22:53:53,768] [pid=92703] [[33m[33mDEBUG[0m:[0m]: Batch sent successfully (size=50)
[2020-11-09 22:53:53,936] [pid=92703] [[33m[33mDEBUG[0m:[0m]: Batch sent successfully (size=50)
[2020-11-09 22:53:54,108] [pid=92703] [[33m[33mDEBUG[0m:[0m]: Batch sent successfully (size=50)
[2020-11-09 22:53:54,108] [pid=92703] [[33m[33mDEBUG[0m:[0m]: 8400 events processed...
[2020-11-09 22:53:54,278] [pid=92703] [[33m[33mDEBUG[0m:[0m]: Batch sent successfully (size=50)
[2020-11-09 22:53:54,446] [pid=92703] [[33m[33mDEBUG[0m:[0m]: Batch sent successfully (size=50)
[2020-11-09 22:53:54,627] [pid=92703] [[33m[33mDEBUG[0m:[0m]: Batch sent successfully (size=50)
[2020-11-09 22:53:54,797] [pid=92703] [[33m[33mDEBUG[0m:[0m]: Batch sent successfully (size=50)
[2020-11-09 22:53:54,798] [pid=92703] [[33m[33mDEBUG[0m:[0m]: 8600 events processed...
[2020-11-09 22:53:54,976] [pid=92703] [[33m[33mDEBUG[0m:[0m]: Batch sent successfully (size=50)
[2020-11-09 22:53:55,148] [pid=92703] [[33m[33mDEBUG[0m:[0m]: Batch sent successfully (size=50)
[2020-11-09 22:53:55,317] [pid=92703] [[33m[33mDEBUG[0m:[0m]: Batch sent successfully (size=50)
[2020-11-09 22:53:55,486] [pid=92703] [[33m[33mDEBUG[0m:[0m]: Batch sent successfully (size=50)
[2020-11-09 22:53:55,486] [pid=92703] [[33m[33mDEBUG[0m:[0m]: 8800 events processed...
[2020-11-09 22:53:55,655] [pid=92703] [[33m[33mDEBUG[0m:[0m]: Batch sent successfully (size=50)
[2020-11-09 22:53:55,824] [pid=92703] [[33m[33mDEBUG[0m:[0m]: Batch sent successfully (size=50)
[2020-11-09 22:53:55,997] [pid=92703] [[33m[33mDEBUG[0m:[0m]: Batch sent successfully (size=50)
[2020-11-09 22:53:56,165] [pid=92703] [[33m[33mDEBUG[0m:[0m]: Batch sent successfully (size=50)
[2020-11-09 22:53:56,165] [pid=92703] [[33m[33mDEBUG[0m:[0m]: 9000 events processed...
[2020-11-09 22:53:56,332] [pid=92703] [[33m[33mDEBUG[0m:[0m]: Batch sent successfully (size=50)
[2020-11-09 22:53:56,502] [pid=92703] [[33m[33mDEBUG[0m:[0m]: Batch sent successfully (size=50)
[2020-11-09 22:53:56,674] [pid=92703] [[33m[33mDEBUG[0m:[0m]: Batch sent successfully (size=50)
[2020-11-09 22:53:56,843] [pid=92703] [[33m[33mDEBUG[0m:[0m]: Batch sent successfully (size=50)
[2020-11-09 22:53:56,843] [pid=92703] [[33m[33mDEBUG[0m:[0m]: 9200 events processed...
[2020-11-09 22:53:57,012] [pid=92703] [[33m[33mDEBUG[0m:[0m]: Batch sent successfully (size=50)
[2020-11-09 22:53:57,185] [pid=92703] [[33m[33mDEBUG[0m:[0m]: Batch sent successfully (size=50)
[2020-11-09 22:53:57,363] [pid=92703] [[33m[33mDEBUG[0m:[0m]: Batch sent successfully (size=50)
[2020-11-09 22:53:57,535] [pid=92703] [[33m[33mDEBUG[0m:[0m]: Batch sent successfully (size=50)
[2020-11-09 22:53:57,535] [pid=92703] [[33m[33mDEBUG[0m:[0m]: 9400 events processed...
[2020-11-09 22:53:57,703] [pid=92703] [[33m[33mDEBUG[0m:[0m]: Batch sent successfully (size=50)
[2020-11-09 22:53:57,870] [pid=92703] [[33m[33mDEBUG[0m:[0m]: Batch sent successfully (size=50)
[2020-11-09 22:53:58,048] [pid=92703] [[33m[33mDEBUG[0m:[0m]: Batch sent successfully (size=50)
[2020-11-09 22:53:58,218] [pid=92703] [[33m[33mDEBUG[0m:[0m]: Batch sent successfully (size=50)
[2020-11-09 22:53:58,218] [pid=92703] [[33m[33mDEBUG[0m:[0m]: 9600 events processed...
[2020-11-09 22:53:58,387] [pid=92703] [[33m[33mDEBUG[0m:[0m]: Batch sent successfully (size=50)
[2020-11-09 22:53:58,557] [pid=92703] [[33m[33mDEBUG[0m:[0m]: Batch sent successfully (size=50)
[2020-11-09 22:53:58,725] [pid=92703] [[33m[33mDEBUG[0m:[0m]: Batch sent successfully (size=50)
[2020-11-09 22:53:58,898] [pid=92703] [[33m[33mDEBUG[0m:[0m]: Batch sent successfully (size=50)
[2020-11-09 22:53:58,898] [pid=92703] [[33m[33mDEBUG[0m:[0m]: 9800 events processed...
[2020-11-09 22:53:59,070] [pid=92703] [[33m[33mDEBUG[0m:[0m]: Batch sent successfully (size=50)
[2020-11-09 22:53:59,238] [pid=92703] [[33m[33mDEBUG[0m:[0m]: Batch sent successfully (size=50)
[2020-11-09 22:53:59,407] [pid=92703] [[33m[33mDEBUG[0m:[0m]: Batch sent successfully (size=50)
[2020-11-09 22:53:59,574] [pid=92703] [[33m[33mDEBUG[0m:[0m]: Batch sent successfully (size=50)
[2020-11-09 22:53:59,574] [pid=92703] [[33m[33mDEBUG[0m:[0m]: 10000 events processed...
[2020-11-09 22:53:59,745] [pid=92703] [[33m[33mDEBUG[0m:[0m]: Batch sent successfully (size=50)
[2020-11-09 22:53:59,920] [pid=92703] [[33m[33mDEBUG[0m:[0m]: Batch sent successfully (size=50)
[2020-11-09 22:54:00,094] [pid=92703] [[33m[33mDEBUG[0m:[0m]: Batch sent successfully (size=50)
[2020-11-09 22:54:00,267] [pid=92703] [[33m[33mDEBUG[0m:[0m]: Batch sent successfully (size=50)
[2020-11-09 22:54:00,267] [pid=92703] [[33m[33mDEBUG[0m:[0m]: 10200 events processed...
[2020-11-09 22:54:00,438] [pid=92703] [[33m[33mDEBUG[0m:[0m]: Batch sent successfully (size=50)
[2020-11-09 22:54:00,608] [pid=92703] [[33m[33mDEBUG[0m:[0m]: Batch sent successfully (size=50)
[2020-11-09 22:54:01,104] [pid=92703] [[33m[33mDEBUG[0m:[0m]: Batch sent successfully (size=50)
[2020-11-09 22:54:01,438] [pid=92703] [[33m[33mDEBUG[0m:[0m]: Batch sent successfully (size=50)
[2020-11-09 22:54:01,438] [pid=92703] [[33m[33mDEBUG[0m:[0m]: 10400 events processed...
[2020-11-09 22:54:01,617] [pid=92703] [[33m[33mDEBUG[0m:[0m]: Batch sent successfully (size=50)
[2020-11-09 22:54:01,790] [pid=92703] [[33m[33mDEBUG[0m:[0m]: Batch sent successfully (size=50)
[2020-11-09 22:54:01,962] [pid=92703] [[33m[33mDEBUG[0m:[0m]: Batch sent successfully (size=50)
[2020-11-09 22:54:02,135] [pid=92703] [[33m[33mDEBUG[0m:[0m]: Batch sent successfully (size=50)
[2020-11-09 22:54:02,135] [pid=92703] [[33m[33mDEBUG[0m:[0m]: 10600 events processed...
[2020-11-09 22:54:02,303] [pid=92703] [[33m[33mDEBUG[0m:[0m]: Batch sent successfully (size=50)
[2020-11-09 22:54:02,476] [pid=92703] [[33m[33mDEBUG[0m:[0m]: Batch sent successfully (size=50)
[2020-11-09 22:54:02,647] [pid=92703] [[33m[33mDEBUG[0m:[0m]: Batch sent successfully (size=50)
[2020-11-09 22:54:02,822] [pid=92703] [[33m[33mDEBUG[0m:[0m]: Batch sent successfully (size=50)
[2020-11-09 22:54:02,822] [pid=92703] [[33m[33mDEBUG[0m:[0m]: 10800 events processed...
[2020-11-09 22:54:02,994] [pid=92703] [[33m[33mDEBUG[0m:[0m]: Batch sent successfully (size=50)
[2020-11-09 22:54:03,167] [pid=92703] [[33m[33mDEBUG[0m:[0m]: Batch sent successfully (size=50)
[2020-11-09 22:54:03,339] [pid=92703] [[33m[33mDEBUG[0m:[0m]: Batch sent successfully (size=50)
[2020-11-09 22:54:03,519] [pid=92703] [[33m[33mDEBUG[0m:[0m]: Batch sent successfully (size=50)
[2020-11-09 22:54:03,519] [pid=92703] [[33m[33mDEBUG[0m:[0m]: 11000 events processed...
[2020-11-09 22:54:03,690] [pid=92703] [[33m[33mDEBUG[0m:[0m]: Batch sent successfully (size=50)
[2020-11-09 22:54:03,859] [pid=92703] [[33m[33mDEBUG[0m:[0m]: Batch sent successfully (size=50)
[2020-11-09 22:54:04,028] [pid=92703] [[33m[33mDEBUG[0m:[0m]: Batch sent successfully (size=50)
[2020-11-09 22:54:04,201] [pid=92703] [[33m[33mDEBUG[0m:[0m]: Batch sent successfully (size=50)
[2020-11-09 22:54:04,201] [pid=92703] [[33m[33mDEBUG[0m:[0m]: 11200 events processed...
[2020-11-09 22:54:04,373] [pid=92703] [[33m[33mDEBUG[0m:[0m]: Batch sent successfully (size=50)
[2020-11-09 22:54:04,388] [pid=92703] [[33m[33mDEBUG[0m:[0m]: Going to refresh lock...
[2020-11-09 22:54:04,389] [pid=92703] [[33m[33mDEBUG[0m:[0m]: Lock refreshed successfully. will refresh again in 20.0s...
[2020-11-09 22:54:04,541] [pid=92703] [[33m[33mDEBUG[0m:[0m]: Batch sent successfully (size=50)
[2020-11-09 22:54:04,710] [pid=92703] [[33m[33mDEBUG[0m:[0m]: Batch sent successfully (size=50)
[2020-11-09 22:54:04,878] [pid=92703] [[33m[33mDEBUG[0m:[0m]: Batch sent successfully (size=50)
[2020-11-09 22:54:04,879] [pid=92703] [[33m[33mDEBUG[0m:[0m]: 11400 events processed...
[2020-11-09 22:54:05,056] [pid=92703] [[33m[33mDEBUG[0m:[0m]: Batch sent successfully (size=50)
[2020-11-09 22:54:05,227] [pid=92703] [[33m[33mDEBUG[0m:[0m]: Batch sent successfully (size=50)
[2020-11-09 22:54:05,401] [pid=92703] [[33m[33mDEBUG[0m:[0m]: Batch sent successfully (size=50)
[2020-11-09 22:54:05,572] [pid=92703] [[33m[33mDEBUG[0m:[0m]: Batch sent successfully (size=50)
[2020-11-09 22:54:05,572] [pid=92703] [[33m[33mDEBUG[0m:[0m]: 11600 events processed...
[2020-11-09 22:54:05,745] [pid=92703] [[33m[33mDEBUG[0m:[0m]: Batch sent successfully (size=50)
[2020-11-09 22:54:05,918] [pid=92703] [[33m[33mDEBUG[0m:[0m]: Batch sent successfully (size=50)
[2020-11-09 22:54:06,091] [pid=92703] [[33m[33mDEBUG[0m:[0m]: Batch sent successfully (size=50)
[2020-11-09 22:54:06,267] [pid=92703] [[33m[33mDEBUG[0m:[0m]: Batch sent successfully (size=50)
[2020-11-09 22:54:06,268] [pid=92703] [[33m[33mDEBUG[0m:[0m]: 11800 events processed...
[2020-11-09 22:54:06,441] [pid=92703] [[33m[33mDEBUG[0m:[0m]: Batch sent successfully (size=50)
[2020-11-09 22:54:06,648] [pid=92703] [[33m[33mDEBUG[0m:[0m]: Batch sent successfully (size=50)
[2020-11-09 22:54:06,824] [pid=92703] [[33m[33mDEBUG[0m:[0m]: Batch sent successfully (size=50)
[2020-11-09 22:54:06,998] [pid=92703] [[33m[33mDEBUG[0m:[0m]: Batch sent successfully (size=50)
[2020-11-09 22:54:06,999] [pid=92703] [[33m[33mDEBUG[0m:[0m]: 12000 events processed...
[2020-11-09 22:54:07,171] [pid=92703] [[33m[33mDEBUG[0m:[0m]: Batch sent successfully (size=50)
[2020-11-09 22:54:07,343] [pid=92703] [[33m[33mDEBUG[0m:[0m]: Batch sent successfully (size=50)
[2020-11-09 22:54:07,515] [pid=92703] [[33m[33mDEBUG[0m:[0m]: Batch sent successfully (size=50)
[2020-11-09 22:54:07,692] [pid=92703] [[33m[33mDEBUG[0m:[0m]: Batch sent successfully (size=50)
[2020-11-09 22:54:07,693] [pid=92703] [[33m[33mDEBUG[0m:[0m]: 12200 events processed...
[2020-11-09 22:54:07,866] [pid=92703] [[33m[33mDEBUG[0m:[0m]: Batch sent successfully (size=50)
[2020-11-09 22:54:08,034] [pid=92703] [[33m[33mDEBUG[0m:[0m]: Batch sent successfully (size=50)
[2020-11-09 22:54:08,207] [pid=92703] [[33m[33mDEBUG[0m:[0m]: Batch sent successfully (size=50)
[2020-11-09 22:54:08,376] [pid=92703] [[33m[33mDEBUG[0m:[0m]: Batch sent successfully (size=50)
[2020-11-09 22:54:08,376] [pid=92703] [[33m[33mDEBUG[0m:[0m]: 12400 events processed...
[2020-11-09 22:54:08,550] [pid=92703] [[33m[33mDEBUG[0m:[0m]: Batch sent successfully (size=50)
[2020-11-09 22:54:08,725] [pid=92703] [[33m[33mDEBUG[0m:[0m]: Batch sent successfully (size=50)
[2020-11-09 22:54:08,898] [pid=92703] [[33m[33mDEBUG[0m:[0m]: Batch sent successfully (size=50)
[2020-11-09 22:54:09,075] [pid=92703] [[33m[33mDEBUG[0m:[0m]: Batch sent successfully (size=50)
[2020-11-09 22:54:09,076] [pid=92703] [[33m[33mDEBUG[0m:[0m]: 12600 events processed...
[2020-11-09 22:54:09,247] [pid=92703] [[33m[33mDEBUG[0m:[0m]: Batch sent successfully (size=50)
[2020-11-09 22:54:09,424] [pid=92703] [[33m[33mDEBUG[0m:[0m]: Batch sent successfully (size=50)
[2020-11-09 22:54:09,593] [pid=92703] [[33m[33mDEBUG[0m:[0m]: Batch sent successfully (size=50)
[2020-11-09 22:54:09,765] [pid=92703] [[33m[33mDEBUG[0m:[0m]: Batch sent successfully (size=50)
[2020-11-09 22:54:09,766] [pid=92703] [[33m[33mDEBUG[0m:[0m]: 12800 events processed...
[2020-11-09 22:54:09,942] [pid=92703] [[33m[33mDEBUG[0m:[0m]: Batch sent successfully (size=50)
[2020-11-09 22:54:10,110] [pid=92703] [[33m[33mDEBUG[0m:[0m]: Batch sent successfully (size=50)
[2020-11-09 22:54:10,279] [pid=92703] [[33m[33mDEBUG[0m:[0m]: Batch sent successfully (size=50)
[2020-11-09 22:54:10,449] [pid=92703] [[33m[33mDEBUG[0m:[0m]: Batch sent successfully (size=50)
[2020-11-09 22:54:10,449] [pid=92703] [[33m[33mDEBUG[0m:[0m]: 13000 events processed...
[2020-11-09 22:54:10,622] [pid=92703] [[33m[33mDEBUG[0m:[0m]: Batch sent successfully (size=50)
[2020-11-09 22:54:10,791] [pid=92703] [[33m[33mDEBUG[0m:[0m]: Batch sent successfully (size=50)
[2020-11-09 22:54:10,963] [pid=92703] [[33m[33mDEBUG[0m:[0m]: Batch sent successfully (size=50)
[2020-11-09 22:54:11,138] [pid=92703] [[33m[33mDEBUG[0m:[0m]: Batch sent successfully (size=50)
[2020-11-09 22:54:11,138] [pid=92703] [[33m[33mDEBUG[0m:[0m]: 13200 events processed...
[2020-11-09 22:54:11,312] [pid=92703] [[33m[33mDEBUG[0m:[0m]: Batch sent successfully (size=50)
[2020-11-09 22:54:11,486] [pid=92703] [[33m[33mDEBUG[0m:[0m]: Batch sent successfully (size=50)
[2020-11-09 22:54:11,659] [pid=92703] [[33m[33mDEBUG[0m:[0m]: Batch sent successfully (size=50)
[2020-11-09 22:54:11,831] [pid=92703] [[33m[33mDEBUG[0m:[0m]: Batch sent successfully (size=50)
[2020-11-09 22:54:11,831] [pid=92703] [[33m[33mDEBUG[0m:[0m]: 13400 events processed...
[2020-11-09 22:54:12,003] [pid=92703] [[33m[33mDEBUG[0m:[0m]: Batch sent successfully (size=50)
[2020-11-09 22:54:12,182] [pid=92703] [[33m[33mDEBUG[0m:[0m]: Batch sent successfully (size=50)
[2020-11-09 22:54:12,351] [pid=92703] [[33m[33mDEBUG[0m:[0m]: Batch sent successfully (size=50)
[2020-11-09 22:54:12,519] [pid=92703] [[33m[33mDEBUG[0m:[0m]: Batch sent successfully (size=50)
[2020-11-09 22:54:12,519] [pid=92703] [[33m[33mDEBUG[0m:[0m]: 13600 events processed...
[2020-11-09 22:54:12,692] [pid=92703] [[33m[33mDEBUG[0m:[0m]: Batch sent successfully (size=50)
[2020-11-09 22:54:12,864] [pid=92703] [[33m[33mDEBUG[0m:[0m]: Batch sent successfully (size=50)
[2020-11-09 22:54:13,035] [pid=92703] [[33m[33mDEBUG[0m:[0m]: Batch sent successfully (size=50)
[2020-11-09 22:54:13,210] [pid=92703] [[33m[33mDEBUG[0m:[0m]: Batch sent successfully (size=50)
[2020-11-09 22:54:13,210] [pid=92703] [[33m[33mDEBUG[0m:[0m]: 13800 events processed...
[2020-11-09 22:54:13,383] [pid=92703] [[33m[33mDEBUG[0m:[0m]: Batch sent successfully (size=50)
[2020-11-09 22:54:13,552] [pid=92703] [[33m[33mDEBUG[0m:[0m]: Batch sent successfully (size=50)
[2020-11-09 22:54:13,721] [pid=92703] [[33m[33mDEBUG[0m:[0m]: Batch sent successfully (size=50)
[2020-11-09 22:54:13,889] [pid=92703] [[33m[33mDEBUG[0m:[0m]: Batch sent successfully (size=50)
[2020-11-09 22:54:13,889] [pid=92703] [[33m[33mDEBUG[0m:[0m]: 14000 events processed...
[2020-11-09 22:54:14,063] [pid=92703] [[33m[33mDEBUG[0m:[0m]: Batch sent successfully (size=50)
[2020-11-09 22:54:14,237] [pid=92703] [[33m[33mDEBUG[0m:[0m]: Batch sent successfully (size=50)
[2020-11-09 22:54:14,408] [pid=92703] [[33m[33mDEBUG[0m:[0m]: Batch sent successfully (size=50)
[2020-11-09 22:54:14,581] [pid=92703] [[33m[33mDEBUG[0m:[0m]: Batch sent successfully (size=50)
[2020-11-09 22:54:14,581] [pid=92703] [[33m[33mDEBUG[0m:[0m]: 14200 events processed...
[2020-11-09 22:54:14,749] [pid=92703] [[33m[33mDEBUG[0m:[0m]: Batch sent successfully (size=50)
[2020-11-09 22:54:14,917] [pid=92703] [[33m[33mDEBUG[0m:[0m]: Batch sent successfully (size=50)
[2020-11-09 22:54:15,091] [pid=92703] [[33m[33mDEBUG[0m:[0m]: Batch sent successfully (size=50)
[2020-11-09 22:54:15,264] [pid=92703] [[33m[33mDEBUG[0m:[0m]: Batch sent successfully (size=50)
[2020-11-09 22:54:15,264] [pid=92703] [[33m[33mDEBUG[0m:[0m]: 14400 events processed...
[2020-11-09 22:54:15,436] [pid=92703] [[33m[33mDEBUG[0m:[0m]: Batch sent successfully (size=50)
[2020-11-09 22:54:15,611] [pid=92703] [[33m[33mDEBUG[0m:[0m]: Batch sent successfully (size=50)
[2020-11-09 22:54:15,784] [pid=92703] [[33m[33mDEBUG[0m:[0m]: Batch sent successfully (size=50)
[2020-11-09 22:54:15,956] [pid=92703] [[33m[33mDEBUG[0m:[0m]: Batch sent successfully (size=50)
[2020-11-09 22:54:15,956] [pid=92703] [[33m[33mDEBUG[0m:[0m]: 14600 events processed...
[2020-11-09 22:54:16,127] [pid=92703] [[33m[33mDEBUG[0m:[0m]: Batch sent successfully (size=50)
[2020-11-09 22:54:16,295] [pid=92703] [[33m[33mDEBUG[0m:[0m]: Batch sent successfully (size=50)
[2020-11-09 22:54:16,466] [pid=92703] [[33m[33mDEBUG[0m:[0m]: Batch sent successfully (size=50)
[2020-11-09 22:54:16,668] [pid=92703] [[33m[33mDEBUG[0m:[0m]: Batch sent successfully (size=50)
[2020-11-09 22:54:16,668] [pid=92703] [[33m[33mDEBUG[0m:[0m]: 14800 events processed...
[2020-11-09 22:54:16,841] [pid=92703] [[33m[33mDEBUG[0m:[0m]: Batch sent successfully (size=50)
[2020-11-09 22:54:17,016] [pid=92703] [[33m[33mDEBUG[0m:[0m]: Batch sent successfully (size=50)
[2020-11-09 22:54:17,191] [pid=92703] [[33m[33mDEBUG[0m:[0m]: Batch sent successfully (size=50)
[2020-11-09 22:54:17,361] [pid=92703] [[33m[33mDEBUG[0m:[0m]: Batch sent successfully (size=50)
[2020-11-09 22:54:17,361] [pid=92703] [[33m[33mDEBUG[0m:[0m]: 15000 events processed...
[2020-11-09 22:54:17,542] [pid=92703] [[33m[33mDEBUG[0m:[0m]: Batch sent successfully (size=50)
[2020-11-09 22:54:17,713] [pid=92703] [[33m[33mDEBUG[0m:[0m]: Batch sent successfully (size=50)
[2020-11-09 22:54:17,887] [pid=92703] [[33m[33mDEBUG[0m:[0m]: Batch sent successfully (size=50)
[2020-11-09 22:54:18,059] [pid=92703] [[33m[33mDEBUG[0m:[0m]: Batch sent successfully (size=50)
[2020-11-09 22:54:18,059] [pid=92703] [[33m[33mDEBUG[0m:[0m]: 15200 events processed...
[2020-11-09 22:54:18,233] [pid=92703] [[33m[33mDEBUG[0m:[0m]: Batch sent successfully (size=50)
[2020-11-09 22:54:18,428] [pid=92703] [[33m[33mDEBUG[0m:[0m]: Batch sent successfully (size=50)
[2020-11-09 22:54:18,637] [pid=92703] [[33m[33mDEBUG[0m:[0m]: Batch sent successfully (size=50)
[2020-11-09 22:54:18,805] [pid=92703] [[33m[33mDEBUG[0m:[0m]: Batch sent successfully (size=50)
[2020-11-09 22:54:18,806] [pid=92703] [[33m[33mDEBUG[0m:[0m]: 15400 events processed...
[2020-11-09 22:54:18,977] [pid=92703] [[33m[33mDEBUG[0m:[0m]: Batch sent successfully (size=50)
[2020-11-09 22:54:19,152] [pid=92703] [[33m[33mDEBUG[0m:[0m]: Batch sent successfully (size=50)
[2020-11-09 22:54:19,325] [pid=92703] [[33m[33mDEBUG[0m:[0m]: Batch sent successfully (size=50)
[2020-11-09 22:54:19,508] [pid=92703] [[33m[33mDEBUG[0m:[0m]: Batch sent successfully (size=50)
[2020-11-09 22:54:19,508] [pid=92703] [[33m[33mDEBUG[0m:[0m]: 15600 events processed...
[2020-11-09 22:54:19,682] [pid=92703] [[33m[33mDEBUG[0m:[0m]: Batch sent successfully (size=50)
[2020-11-09 22:54:19,854] [pid=92703] [[33m[33mDEBUG[0m:[0m]: Batch sent successfully (size=50)
[2020-11-09 22:54:20,027] [pid=92703] [[33m[33mDEBUG[0m:[0m]: Batch sent successfully (size=50)
[2020-11-09 22:54:20,196] [pid=92703] [[33m[33mDEBUG[0m:[0m]: Batch sent successfully (size=50)
[2020-11-09 22:54:20,197] [pid=92703] [[33m[33mDEBUG[0m:[0m]: 15800 events processed...
[2020-11-09 22:54:20,365] [pid=92703] [[33m[33mDEBUG[0m:[0m]: Batch sent successfully (size=50)
[2020-11-09 22:54:20,534] [pid=92703] [[33m[33mDEBUG[0m:[0m]: Batch sent successfully (size=50)
[2020-11-09 22:54:20,711] [pid=92703] [[33m[33mDEBUG[0m:[0m]: Batch sent successfully (size=50)
[2020-11-09 22:54:20,883] [pid=92703] [[33m[33mDEBUG[0m:[0m]: Batch sent successfully (size=50)
[2020-11-09 22:54:20,883] [pid=92703] [[33m[33mDEBUG[0m:[0m]: 16000 events processed...
[2020-11-09 22:54:21,062] [pid=92703] [[33m[33mDEBUG[0m:[0m]: Batch sent successfully (size=50)
[2020-11-09 22:54:21,230] [pid=92703] [[33m[33mDEBUG[0m:[0m]: Batch sent successfully (size=50)
[2020-11-09 22:54:21,400] [pid=92703] [[33m[33mDEBUG[0m:[0m]: Batch sent successfully (size=50)
[2020-11-09 22:54:21,569] [pid=92703] [[33m[33mDEBUG[0m:[0m]: Batch sent successfully (size=50)
[2020-11-09 22:54:21,570] [pid=92703] [[33m[33mDEBUG[0m:[0m]: 16200 events processed...
[2020-11-09 22:54:21,738] [pid=92703] [[33m[33mDEBUG[0m:[0m]: Batch sent successfully (size=50)
[2020-11-09 22:54:21,908] [pid=92703] [[33m[33mDEBUG[0m:[0m]: Batch sent successfully (size=50)
[2020-11-09 22:54:22,077] [pid=92703] [[33m[33mDEBUG[0m:[0m]: Batch sent successfully (size=50)
[2020-11-09 22:54:22,244] [pid=92703] [[33m[33mDEBUG[0m:[0m]: Batch sent successfully (size=50)
[2020-11-09 22:54:22,245] [pid=92703] [[33m[33mDEBUG[0m:[0m]: 16400 events processed...
[2020-11-09 22:54:22,414] [pid=92703] [[33m[33mDEBUG[0m:[0m]: Batch sent successfully (size=50)
[2020-11-09 22:54:22,592] [pid=92703] [[33m[33mDEBUG[0m:[0m]: Batch sent successfully (size=50)
[2020-11-09 22:54:22,761] [pid=92703] [[33m[33mDEBUG[0m:[0m]: Batch sent successfully (size=50)
[2020-11-09 22:54:22,930] [pid=92703] [[33m[33mDEBUG[0m:[0m]: Batch sent successfully (size=50)
[2020-11-09 22:54:22,930] [pid=92703] [[33m[33mDEBUG[0m:[0m]: 16600 events processed...
[2020-11-09 22:54:23,105] [pid=92703] [[33m[33mDEBUG[0m:[0m]: Batch sent successfully (size=50)
[2020-11-09 22:54:23,277] [pid=92703] [[33m[33mDEBUG[0m:[0m]: Batch sent successfully (size=50)
[2020-11-09 22:54:23,469] [pid=92703] [[33m[33mDEBUG[0m:[0m]: Batch sent successfully (size=50)
[2020-11-09 22:54:23,640] [pid=92703] [[33m[33mDEBUG[0m:[0m]: Batch sent successfully (size=50)
[2020-11-09 22:54:23,641] [pid=92703] [[33m[33mDEBUG[0m:[0m]: 16800 events processed...
[2020-11-09 22:54:23,809] [pid=92703] [[33m[33mDEBUG[0m:[0m]: Batch sent successfully (size=50)
[2020-11-09 22:54:23,978] [pid=92703] [[33m[33mDEBUG[0m:[0m]: Batch sent successfully (size=50)
[2020-11-09 22:54:24,158] [pid=92703] [[33m[33mDEBUG[0m:[0m]: Batch sent successfully (size=50)
[2020-11-09 22:54:24,328] [pid=92703] [[33m[33mDEBUG[0m:[0m]: Batch sent successfully (size=50)
[2020-11-09 22:54:24,328] [pid=92703] [[33m[33mDEBUG[0m:[0m]: 17000 events processed...
[2020-11-09 22:54:24,391] [pid=92703] [[33m[33mDEBUG[0m:[0m]: Going to refresh lock...
[2020-11-09 22:54:24,391] [pid=92703] [[33m[33mDEBUG[0m:[0m]: Lock refreshed successfully. will refresh again in 20.0s...
[2020-11-09 22:54:24,500] [pid=92703] [[33m[33mDEBUG[0m:[0m]: Batch sent successfully (size=50)
[2020-11-09 22:54:24,673] [pid=92703] [[33m[33mDEBUG[0m:[0m]: Batch sent successfully (size=50)
[2020-11-09 22:54:24,844] [pid=92703] [[33m[33mDEBUG[0m:[0m]: Batch sent successfully (size=50)
[2020-11-09 22:54:25,019] [pid=92703] [[33m[33mDEBUG[0m:[0m]: Batch sent successfully (size=50)
[2020-11-09 22:54:25,020] [pid=92703] [[33m[33mDEBUG[0m:[0m]: 17200 events processed...
[2020-11-09 22:54:25,196] [pid=92703] [[33m[33mDEBUG[0m:[0m]: Batch sent successfully (size=50)
[2020-11-09 22:54:25,368] [pid=92703] [[33m[33mDEBUG[0m:[0m]: Batch sent successfully (size=50)
[2020-11-09 22:54:25,535] [pid=92703] [[33m[33mDEBUG[0m:[0m]: Batch sent successfully (size=50)
[2020-11-09 22:54:25,705] [pid=92703] [[33m[33mDEBUG[0m:[0m]: Batch sent successfully (size=50)
[2020-11-09 22:54:25,705] [pid=92703] [[33m[33mDEBUG[0m:[0m]: 17400 events processed...
[2020-11-09 22:54:25,883] [pid=92703] [[33m[33mDEBUG[0m:[0m]: Batch sent successfully (size=50)
[2020-11-09 22:54:26,055] [pid=92703] [[33m[33mDEBUG[0m:[0m]: Batch sent successfully (size=50)
[2020-11-09 22:54:26,224] [pid=92703] [[33m[33mDEBUG[0m:[0m]: Batch sent successfully (size=50)
[2020-11-09 22:54:26,393] [pid=92703] [[33m[33mDEBUG[0m:[0m]: Batch sent successfully (size=50)
[2020-11-09 22:54:26,394] [pid=92703] [[33m[33mDEBUG[0m:[0m]: 17600 events processed...
[2020-11-09 22:54:26,569] [pid=92703] [[33m[33mDEBUG[0m:[0m]: Batch sent successfully (size=50)
[2020-11-09 22:54:26,741] [pid=92703] [[33m[33mDEBUG[0m:[0m]: Batch sent successfully (size=50)
[2020-11-09 22:54:26,909] [pid=92703] [[33m[33mDEBUG[0m:[0m]: Batch sent successfully (size=50)
[2020-11-09 22:54:27,085] [pid=92703] [[33m[33mDEBUG[0m:[0m]: Batch sent successfully (size=50)
[2020-11-09 22:54:27,086] [pid=92703] [[33m[33mDEBUG[0m:[0m]: 17800 events processed...
[2020-11-09 22:54:27,258] [pid=92703] [[33m[33mDEBUG[0m:[0m]: Batch sent successfully (size=50)
[2020-11-09 22:54:27,429] [pid=92703] [[33m[33mDEBUG[0m:[0m]: Batch sent successfully (size=50)
[2020-11-09 22:54:27,600] [pid=92703] [[33m[33mDEBUG[0m:[0m]: Batch sent successfully (size=50)
[2020-11-09 22:54:27,769] [pid=92703] [[33m[33mDEBUG[0m:[0m]: Batch sent successfully (size=50)
[2020-11-09 22:54:27,769] [pid=92703] [[33m[33mDEBUG[0m:[0m]: 18000 events processed...
[2020-11-09 22:54:27,945] [pid=92703] [[33m[33mDEBUG[0m:[0m]: Batch sent successfully (size=50)
[2020-11-09 22:54:28,113] [pid=92703] [[33m[33mDEBUG[0m:[0m]: Batch sent successfully (size=50)
[2020-11-09 22:54:28,290] [pid=92703] [[33m[33mDEBUG[0m:[0m]: Batch sent successfully (size=50)
[2020-11-09 22:54:28,294] [pid=92703] [[33m[33mDEBUG[0m:[0m]: Finish event found. Total build time recorded.
[2020-11-09 22:54:28,294] [pid=92703] [[32m[32mINFO[0m:[0m]: Sending build stats event...
[2020-11-09 22:54:28,459] [pid=92703] [[32m[32mINFO[0m:[0m]: Stats event send successfully.
[2020-11-09 22:54:28,634] [pid=92703] [[33m[33mDEBUG[0m:[0m]: Batch sent successfully (size=43)
[2020-11-09 22:54:28,634] [pid=92703] [[33m[33mDEBUG[0m:[0m]: Successfully sent 18193 events out of 18193 events sent.
[2020-11-09 22:54:28,634] [pid=92703] [[32m[32mINFO[0m:[0m]: Finished processing profile '/Users/lidanh/.config/wix/bazelwrapper/profiles/d662b136-e387-43e7-82c1-8bffde5c2576.prof.gz'.
[2020-11-09 22:54:28,635] [pid=92703] [[33m[33mDEBUG[0m:[0m]: Deleting profile: /Users/lidanh/.config/wix/bazelwrapper/profiles/d662b136-e387-43e7-82c1-8bffde5c2576.prof.gz
[2020-11-09 22:54:28,637] [pid=92703] [[33m[33mDEBUG[0m:[0m]: Deleting profile info file: /Users/lidanh/.config/wix/bazelwrapper/profiles/d662b136-e387-43e7-82c1-8bffde5c2576.prof.gz.info
[2020-11-09 22:54:28,644] [pid=92703] [[33m[33mDEBUG[0m:[0m]: Env-var 'WIX_DEVEX_BI_PROFILES_PATH' does not exist.
[2020-11-09 22:54:28,644] [pid=92703] [[33m[33mDEBUG[0m:[0m]: Using default value '/Users/lidanh/.config/wix/bazelwrapper/profiles'
[2020-11-09 22:54:28,644] [pid=92703] [[32m[32mINFO[0m:[0m]: Reporter finished.
