2020-01-02 15:21:34,471 DEBUG    root            Loaded Command Group: [u'gcloud', u'auth']
2020-01-02 15:21:34,477 DEBUG    root            Loaded Command Group: [u'gcloud', u'auth', u'list']
2020-01-02 15:21:34,480 DEBUG    root            Running [gcloud.auth.list] with arguments: [--format: "json"]
2020-01-02 15:21:34,490 INFO     root            Display format: "    table[title='Credentialed Accounts'](
        status.yesno(yes='*', no=''):label=ACTIVE,
        account
    ) json"
2020-01-02 15:21:34,490 INFO     ___FILE_ONLY___ [
  {
2020-01-02 15:21:34,490 INFO     ___FILE_ONLY___ 
    "account": "euroil@gmail.com",
2020-01-02 15:21:34,490 INFO     ___FILE_ONLY___ 
    "status": "ACTIVE"
2020-01-02 15:21:34,490 INFO     ___FILE_ONLY___ 
  }
2020-01-02 15:21:34,491 INFO     ___FILE_ONLY___ ,
  {
2020-01-02 15:21:34,491 INFO     ___FILE_ONLY___ 
    "account": "lidanh@wix.com",
2020-01-02 15:21:34,491 INFO     ___FILE_ONLY___ 
    "status": ""
2020-01-02 15:21:34,491 INFO     ___FILE_ONLY___ 
  }
2020-01-02 15:21:34,491 INFO     ___FILE_ONLY___ 
]

