2020-05-31 01:03:41,126 DEBUG    root            Loaded Command Group: [u'gcloud', u'auth']
2020-05-31 01:03:41,130 DEBUG    root            Loaded Command Group: [u'gcloud', u'auth', u'list']
2020-05-31 01:03:41,133 DEBUG    root            Running [gcloud.auth.list] with arguments: [--format: "json"]
2020-05-31 01:03:41,139 INFO     root            Display format: "    table[title='Credentialed Accounts'](
        status.yesno(yes='*', no=''):label=ACTIVE,
        account
    ) json"
2020-05-31 01:03:41,140 INFO     ___FILE_ONLY___ [
  {
2020-05-31 01:03:41,140 INFO     ___FILE_ONLY___ 
    "account": "euroil@gmail.com",
2020-05-31 01:03:41,140 INFO     ___FILE_ONLY___ 
    "status": ""
2020-05-31 01:03:41,140 INFO     ___FILE_ONLY___ 
  }
2020-05-31 01:03:41,141 INFO     ___FILE_ONLY___ ,
  {
2020-05-31 01:03:41,141 INFO     ___FILE_ONLY___ 
    "account": "lidanh@wix.com",
2020-05-31 01:03:41,141 INFO     ___FILE_ONLY___ 
    "status": "ACTIVE"
2020-05-31 01:03:41,141 INFO     ___FILE_ONLY___ 
  }
2020-05-31 01:03:41,141 INFO     ___FILE_ONLY___ 
]

