2020-01-26 16:46:24,430 DEBUG    root            Loaded Command Group: [u'gcloud', u'auth']
2020-01-26 16:46:24,437 DEBUG    root            Loaded Command Group: [u'gcloud', u'auth', u'list']
2020-01-26 16:46:24,440 DEBUG    root            Running [gcloud.auth.list] with arguments: [--format: "json"]
2020-01-26 16:46:24,452 INFO     root            Display format: "    table[title='Credentialed Accounts'](
        status.yesno(yes='*', no=''):label=ACTIVE,
        account
    ) json"
2020-01-26 16:46:24,452 INFO     ___FILE_ONLY___ [
  {
2020-01-26 16:46:24,453 INFO     ___FILE_ONLY___ 
    "account": "euroil@gmail.com",
2020-01-26 16:46:24,453 INFO     ___FILE_ONLY___ 
    "status": ""
2020-01-26 16:46:24,453 INFO     ___FILE_ONLY___ 
  }
2020-01-26 16:46:24,453 INFO     ___FILE_ONLY___ ,
  {
2020-01-26 16:46:24,453 INFO     ___FILE_ONLY___ 
    "account": "lidanh@wix.com",
2020-01-26 16:46:24,453 INFO     ___FILE_ONLY___ 
    "status": "ACTIVE"
2020-01-26 16:46:24,453 INFO     ___FILE_ONLY___ 
  }
2020-01-26 16:46:24,453 INFO     ___FILE_ONLY___ 
]

