2021-01-11 18:26:03,504 DEBUG    root            Loaded Command Group: [u'gcloud', u'auth']
2021-01-11 18:26:03,508 DEBUG    root            Loaded Command Group: [u'gcloud', u'auth', u'list']
2021-01-11 18:26:03,510 DEBUG    root            Running [gcloud.auth.list] with arguments: [--format: "json"]
2021-01-11 18:26:03,518 INFO     root            Display format: "    table[title='Credentialed Accounts'](
        status.yesno(yes='*', no=''):label=ACTIVE,
        account
    ) json"
2021-01-11 18:26:03,518 INFO     ___FILE_ONLY___ [
  {
2021-01-11 18:26:03,518 INFO     ___FILE_ONLY___ 
    "account": "euroil@gmail.com",
2021-01-11 18:26:03,518 INFO     ___FILE_ONLY___ 
    "status": ""
2021-01-11 18:26:03,519 INFO     ___FILE_ONLY___ 
  }
2021-01-11 18:26:03,519 INFO     ___FILE_ONLY___ ,
  {
2021-01-11 18:26:03,519 INFO     ___FILE_ONLY___ 
    "account": "lidanh@wix.com",
2021-01-11 18:26:03,519 INFO     ___FILE_ONLY___ 
    "status": "ACTIVE"
2021-01-11 18:26:03,519 INFO     ___FILE_ONLY___ 
  }
2021-01-11 18:26:03,519 INFO     ___FILE_ONLY___ 
]

