2018-06-13 15:27:44,897 DEBUG    root            Loaded Command Group: [u'gcloud', u'init']
2018-06-13 15:27:44,899 DEBUG    root            Running [gcloud.init] with arguments: []
2018-06-13 15:27:44,899 INFO     ___FILE_ONLY___ Welcome! This command will take you through the configuration of gcloud.


2018-06-13 15:27:44,899 INFO     ___FILE_ONLY___ Settings from your current configuration [kubernetes-ndc] are:

2018-06-13 15:27:44,903 INFO     ___FILE_ONLY___ core:
  account: lidanh@wix.com
  disable_usage_reporting: 'True'

2018-06-13 15:27:44,903 INFO     ___FILE_ONLY___ 

2018-06-13 15:27:55,113 INFO     ___FILE_ONLY___ Your current configuration has been set to: [lidan-personal]


2018-06-13 15:27:55,113 INFO     ___FILE_ONLY___ You can skip diagnostics next time by using the following flag:

2018-06-13 15:27:55,113 INFO     ___FILE_ONLY___   gcloud init --skip-diagnostics


2018-06-13 15:27:55,113 INFO     ___FILE_ONLY___ Network diagnostic detects and fixes local network connection issues.

2018-06-13 15:27:55,119 INFO     ___FILE_ONLY___ Checking network connection...
2018-06-13 15:27:58,125 INFO     ___FILE_ONLY___ Reachability Check passed.

2018-06-13 15:27:58,125 INFO     ___FILE_ONLY___ Network diagnostic (1/1 checks) passed.


2018-06-13 15:28:00,805 DEBUG    root            Loaded Command Group: [u'gcloud', u'auth']
2018-06-13 15:28:00,811 DEBUG    root            Loaded Command Group: [u'gcloud', u'auth', u'login']
2018-06-13 15:28:00,812 INFO     root            Executing: [gcloud auth login --force --brief]
2018-06-13 15:28:00,814 DEBUG    root            Running [gcloud.auth.login] with arguments: [--brief: "True", --force: "True"]
2018-06-13 15:28:01,130 INFO     ___FILE_ONLY___ Your browser has been opened to visit:

    https://accounts.google.com/o/oauth2/auth?redirect_uri=http%3A%2F%2Flocalhost%3A8085%2F&prompt=select_account&response_type=code&client_id=32555940559.apps.googleusercontent.com&scope=https%3A%2F%2Fwww.googleapis.com%2Fauth%2Fuserinfo.email+https%3A%2F%2Fwww.googleapis.com%2Fauth%2Fcloud-platform+https%3A%2F%2Fwww.googleapis.com%2Fauth%2Fappengine.admin+https%3A%2F%2Fwww.googleapis.com%2Fauth%2Fcompute+https%3A%2F%2Fwww.googleapis.com%2Fauth%2Faccounts.reauth&access_type=offline



2018-06-13 15:28:09,627 INFO     oauth2client.client Successfully retrieved access token
2018-06-13 15:28:09,638 INFO     root            Display format: "none"
2018-06-13 15:28:09,644 INFO     ___FILE_ONLY___ You are logged in as: [euroil@gmail.com].


2018-06-13 15:28:24,472 INFO     ___FILE_ONLY___ Your current project has been set to: [kubernetes-ndc-workshop].


2018-06-13 15:28:24,481 DEBUG    root            Loaded Command Group: [u'gcloud', u'compute', u'project_info']
2018-06-13 15:28:24,497 DEBUG    root            Loaded Command Group: [u'gcloud', u'compute', u'project-info', u'describe']
2018-06-13 15:28:24,498 INFO     root            Executing: [gcloud compute project-info describe --quiet]
2018-06-13 15:28:24,501 DEBUG    root            Running [gcloud.compute.project-info.describe] with arguments: [--no-user-output-enabled: "false", --quiet: "True", --verbosity: "none"]
2018-06-13 15:28:24,850 DEBUG    root            (gcloud.compute.project-info.describe) Could not fetch resource:
 - Failed to find project kubernetes-ndc-workshop
Traceback (most recent call last):
  File "/usr/local/Caskroom/google-cloud-sdk/latest/google-cloud-sdk/lib/googlecloudsdk/calliope/cli.py", line 844, in Execute
    resources = calliope_command.Run(cli=self, args=args)
  File "/usr/local/Caskroom/google-cloud-sdk/latest/google-cloud-sdk/lib/googlecloudsdk/calliope/backend.py", line 756, in Run
    resources = command_instance.Run(args)
  File "/usr/local/Caskroom/google-cloud-sdk/latest/google-cloud-sdk/lib/surface/compute/project_info/describe.py", line 36, in Run
    project=project_ref.projectId))])[0]
  File "/usr/local/Caskroom/google-cloud-sdk/latest/google-cloud-sdk/lib/googlecloudsdk/api_lib/compute/client_adapter.py", line 93, in MakeRequests
    errors, error_message='Could not fetch resource:')
  File "/usr/local/Caskroom/google-cloud-sdk/latest/google-cloud-sdk/lib/googlecloudsdk/api_lib/compute/utils.py", line 108, in RaiseToolException
    RaiseException(problems, calliope_exceptions.ToolException, error_message)
  File "/usr/local/Caskroom/google-cloud-sdk/latest/google-cloud-sdk/lib/googlecloudsdk/api_lib/compute/utils.py", line 120, in RaiseException
    errors))
ToolException: Could not fetch resource:
 - Failed to find project kubernetes-ndc-workshop

2018-06-13 15:28:24,860 ERROR    root            (gcloud.compute.project-info.describe) Could not fetch resource:
 - Failed to find project kubernetes-ndc-workshop

2018-06-13 15:28:24,860 INFO     root            [compute project-info describe --quiet] has failed

2018-06-13 15:28:24,860 INFO     ___FILE_ONLY___ Not setting default zone/region (this feature makes it easier to use
[gcloud compute] by setting an appropriate default value for the
--zone and --region flag).
See https://cloud.google.com/compute/docs/gcloud-compute section on how to set
default compute region and zone manually. If you would like [gcloud init] to be
able to do this for you the next time you run it, make sure the
Compute Engine API is enabled for your project on the
https://console.developers.google.com/apis page.


2018-06-13 15:28:24,861 DEBUG    root            Not configuring default .boto file. File already exists at [/Users/lidanh/.boto].
2018-06-13 15:28:24,861 INFO     ___FILE_ONLY___ Your Google Cloud SDK is configured and ready to use!


2018-06-13 15:28:24,861 INFO     ___FILE_ONLY___ * Commands that require authentication will use euroil@gmail.com by default

2018-06-13 15:28:24,861 INFO     ___FILE_ONLY___ * Commands will reference project `kubernetes-ndc-workshop` by default

2018-06-13 15:28:24,861 INFO     ___FILE_ONLY___ Run `gcloud help config` to learn how to change individual settings


2018-06-13 15:28:24,861 INFO     ___FILE_ONLY___ This gcloud configuration is called [lidan-personal]. You can create additional configurations if you work with multiple accounts and/or projects.

2018-06-13 15:28:24,862 INFO     ___FILE_ONLY___ Run `gcloud topic configurations` to learn more.


2018-06-13 15:28:24,862 INFO     ___FILE_ONLY___ Some things to try next:


2018-06-13 15:28:24,862 INFO     ___FILE_ONLY___ * Run `gcloud --help` to see the Cloud Platform services you can interact with. And run `gcloud help COMMAND` to get help on any gcloud command.

2018-06-13 15:28:24,862 INFO     ___FILE_ONLY___ * Run `gcloud topic -h` to learn about advanced features of the SDK like arg files and output formatting

2018-06-13 15:28:24,863 INFO     root            Display format: "default"
