2018-06-13 15:20:03,686 DEBUG    root            Loaded Command Group: [u'gcloud', u'components']
2018-06-13 15:20:03,689 DEBUG    root            Loaded Command Group: [u'gcloud', u'components', u'update']
2018-06-13 15:20:03,691 DEBUG    root            Running [gcloud.components.update] with arguments: [--allow-no-backup: "True", --quiet: "True", COMPONENT-IDS:5: "[u'core', u'gcloud-deps', u'bq', u'gcloud', u'gsutil']"]
2018-06-13 15:20:04,220 INFO     ___FILE_ONLY___ 

2018-06-13 15:20:04,220 INFO     ___FILE_ONLY___ 
Your current Cloud SDK version is: 205.0.0

2018-06-13 15:20:04,221 INFO     ___FILE_ONLY___ Installing components from version: 204.0.0

2018-06-13 15:20:04,221 INFO     ___FILE_ONLY___ 

2018-06-13 15:20:04,224 INFO     ___FILE_ONLY___ +-------------------------------------------------+
2018-06-13 15:20:04,224 INFO     ___FILE_ONLY___ 

2018-06-13 15:20:04,224 INFO     ___FILE_ONLY___ |        These components will be updated.        |
2018-06-13 15:20:04,224 INFO     ___FILE_ONLY___ 

2018-06-13 15:20:04,224 INFO     ___FILE_ONLY___ +--------------------------+------------+---------+
2018-06-13 15:20:04,224 INFO     ___FILE_ONLY___ 

2018-06-13 15:20:04,224 INFO     ___FILE_ONLY___ |           Name           |  Version   |   Size  |
2018-06-13 15:20:04,224 INFO     ___FILE_ONLY___ 

2018-06-13 15:20:04,224 INFO     ___FILE_ONLY___ +--------------------------+------------+---------+
2018-06-13 15:20:04,225 INFO     ___FILE_ONLY___ 

2018-06-13 15:20:04,225 INFO     ___FILE_ONLY___ | 
2018-06-13 15:20:04,225 INFO     ___FILE_ONLY___ Cloud SDK Core Libraries
2018-06-13 15:20:04,225 INFO     ___FILE_ONLY___  
2018-06-13 15:20:04,225 INFO     ___FILE_ONLY___ | 
2018-06-13 15:20:04,225 INFO     ___FILE_ONLY___ 2018.06.04
2018-06-13 15:20:04,225 INFO     ___FILE_ONLY___  
2018-06-13 15:20:04,225 INFO     ___FILE_ONLY___ | 
2018-06-13 15:20:04,225 INFO     ___FILE_ONLY___ 7.6 MiB
2018-06-13 15:20:04,225 INFO     ___FILE_ONLY___  
2018-06-13 15:20:04,226 INFO     ___FILE_ONLY___ |
2018-06-13 15:20:04,226 INFO     ___FILE_ONLY___ 

2018-06-13 15:20:04,226 INFO     ___FILE_ONLY___ | 
2018-06-13 15:20:04,226 INFO     ___FILE_ONLY___ gcloud cli dependencies 
2018-06-13 15:20:04,226 INFO     ___FILE_ONLY___  
2018-06-13 15:20:04,226 INFO     ___FILE_ONLY___ | 
2018-06-13 15:20:04,226 INFO     ___FILE_ONLY___ 2018.05.25
2018-06-13 15:20:04,226 INFO     ___FILE_ONLY___  
2018-06-13 15:20:04,226 INFO     ___FILE_ONLY___ | 
2018-06-13 15:20:04,226 INFO     ___FILE_ONLY___ 2.3 MiB
2018-06-13 15:20:04,227 INFO     ___FILE_ONLY___  
2018-06-13 15:20:04,227 INFO     ___FILE_ONLY___ |
2018-06-13 15:20:04,227 INFO     ___FILE_ONLY___ 

2018-06-13 15:20:04,227 INFO     ___FILE_ONLY___ +--------------------------+------------+---------+
2018-06-13 15:20:04,227 INFO     ___FILE_ONLY___ 

2018-06-13 15:20:04,232 INFO     ___FILE_ONLY___ +----------------------------------------------------------------------------+
2018-06-13 15:20:04,232 INFO     ___FILE_ONLY___ 

2018-06-13 15:20:04,233 INFO     ___FILE_ONLY___ |                    These components will be installed.                     |
2018-06-13 15:20:04,233 INFO     ___FILE_ONLY___ 

2018-06-13 15:20:04,233 INFO     ___FILE_ONLY___ +-----------------------------------------------------+------------+---------+
2018-06-13 15:20:04,233 INFO     ___FILE_ONLY___ 

2018-06-13 15:20:04,233 INFO     ___FILE_ONLY___ |                         Name                        |  Version   |   Size  |
2018-06-13 15:20:04,233 INFO     ___FILE_ONLY___ 

2018-06-13 15:20:04,233 INFO     ___FILE_ONLY___ +-----------------------------------------------------+------------+---------+
2018-06-13 15:20:04,233 INFO     ___FILE_ONLY___ 

2018-06-13 15:20:04,233 INFO     ___FILE_ONLY___ | 
2018-06-13 15:20:04,234 INFO     ___FILE_ONLY___ BigQuery Command Line Tool                         
2018-06-13 15:20:04,234 INFO     ___FILE_ONLY___  
2018-06-13 15:20:04,234 INFO     ___FILE_ONLY___ | 
2018-06-13 15:20:04,234 INFO     ___FILE_ONLY___     2.0.34
2018-06-13 15:20:04,234 INFO     ___FILE_ONLY___  
2018-06-13 15:20:04,234 INFO     ___FILE_ONLY___ | 
2018-06-13 15:20:04,234 INFO     ___FILE_ONLY___ < 1 MiB
2018-06-13 15:20:04,234 INFO     ___FILE_ONLY___  
2018-06-13 15:20:04,234 INFO     ___FILE_ONLY___ |
2018-06-13 15:20:04,234 INFO     ___FILE_ONLY___ 

2018-06-13 15:20:04,234 INFO     ___FILE_ONLY___ | 
2018-06-13 15:20:04,235 INFO     ___FILE_ONLY___ BigQuery Command Line Tool (Platform Specific)     
2018-06-13 15:20:04,235 INFO     ___FILE_ONLY___  
2018-06-13 15:20:04,235 INFO     ___FILE_ONLY___ | 
2018-06-13 15:20:04,235 INFO     ___FILE_ONLY___     2.0.26
2018-06-13 15:20:04,235 INFO     ___FILE_ONLY___  
2018-06-13 15:20:04,235 INFO     ___FILE_ONLY___ | 
2018-06-13 15:20:04,235 INFO     ___FILE_ONLY___ < 1 MiB
2018-06-13 15:20:04,235 INFO     ___FILE_ONLY___  
2018-06-13 15:20:04,235 INFO     ___FILE_ONLY___ |
2018-06-13 15:20:04,236 INFO     ___FILE_ONLY___ 

2018-06-13 15:20:04,236 INFO     ___FILE_ONLY___ | 
2018-06-13 15:20:04,236 INFO     ___FILE_ONLY___ Cloud SDK Core Libraries (Platform Specific)       
2018-06-13 15:20:04,236 INFO     ___FILE_ONLY___  
2018-06-13 15:20:04,236 INFO     ___FILE_ONLY___ | 
2018-06-13 15:20:04,236 INFO     ___FILE_ONLY___ 2018.03.16
2018-06-13 15:20:04,236 INFO     ___FILE_ONLY___  
2018-06-13 15:20:04,236 INFO     ___FILE_ONLY___ | 
2018-06-13 15:20:04,236 INFO     ___FILE_ONLY___ < 1 MiB
2018-06-13 15:20:04,236 INFO     ___FILE_ONLY___  
2018-06-13 15:20:04,237 INFO     ___FILE_ONLY___ |
2018-06-13 15:20:04,237 INFO     ___FILE_ONLY___ 

2018-06-13 15:20:04,237 INFO     ___FILE_ONLY___ | 
2018-06-13 15:20:04,237 INFO     ___FILE_ONLY___ Cloud Storage Command Line Tool                    
2018-06-13 15:20:04,237 INFO     ___FILE_ONLY___  
2018-06-13 15:20:04,237 INFO     ___FILE_ONLY___ | 
2018-06-13 15:20:04,237 INFO     ___FILE_ONLY___       4.31
2018-06-13 15:20:04,237 INFO     ___FILE_ONLY___  
2018-06-13 15:20:04,237 INFO     ___FILE_ONLY___ | 
2018-06-13 15:20:04,237 INFO     ___FILE_ONLY___ 3.5 MiB
2018-06-13 15:20:04,237 INFO     ___FILE_ONLY___  
2018-06-13 15:20:04,238 INFO     ___FILE_ONLY___ |
2018-06-13 15:20:04,238 INFO     ___FILE_ONLY___ 

2018-06-13 15:20:04,238 INFO     ___FILE_ONLY___ | 
2018-06-13 15:20:04,238 INFO     ___FILE_ONLY___ Cloud Storage Command Line Tool (Platform Specific)
2018-06-13 15:20:04,238 INFO     ___FILE_ONLY___  
2018-06-13 15:20:04,238 INFO     ___FILE_ONLY___ | 
2018-06-13 15:20:04,238 INFO     ___FILE_ONLY___       4.27
2018-06-13 15:20:04,238 INFO     ___FILE_ONLY___  
2018-06-13 15:20:04,238 INFO     ___FILE_ONLY___ | 
2018-06-13 15:20:04,238 INFO     ___FILE_ONLY___ < 1 MiB
2018-06-13 15:20:04,239 INFO     ___FILE_ONLY___  
2018-06-13 15:20:04,239 INFO     ___FILE_ONLY___ |
2018-06-13 15:20:04,239 INFO     ___FILE_ONLY___ 

2018-06-13 15:20:04,239 INFO     ___FILE_ONLY___ | 
2018-06-13 15:20:04,239 INFO     ___FILE_ONLY___ Default set of gcloud commands                     
2018-06-13 15:20:04,239 INFO     ___FILE_ONLY___  
2018-06-13 15:20:04,239 INFO     ___FILE_ONLY___ | 
2018-06-13 15:20:04,239 INFO     ___FILE_ONLY___           
2018-06-13 15:20:04,239 INFO     ___FILE_ONLY___  
2018-06-13 15:20:04,239 INFO     ___FILE_ONLY___ | 
2018-06-13 15:20:04,239 INFO     ___FILE_ONLY___        
2018-06-13 15:20:04,240 INFO     ___FILE_ONLY___  
2018-06-13 15:20:04,240 INFO     ___FILE_ONLY___ |
2018-06-13 15:20:04,240 INFO     ___FILE_ONLY___ 

2018-06-13 15:20:04,240 INFO     ___FILE_ONLY___ | 
2018-06-13 15:20:04,240 INFO     ___FILE_ONLY___ gcloud cli dependencies                            
2018-06-13 15:20:04,240 INFO     ___FILE_ONLY___  
2018-06-13 15:20:04,240 INFO     ___FILE_ONLY___ | 
2018-06-13 15:20:04,240 INFO     ___FILE_ONLY___ 2017.10.20
2018-06-13 15:20:04,240 INFO     ___FILE_ONLY___  
2018-06-13 15:20:04,240 INFO     ___FILE_ONLY___ | 
2018-06-13 15:20:04,240 INFO     ___FILE_ONLY___ 1.4 MiB
2018-06-13 15:20:04,241 INFO     ___FILE_ONLY___  
2018-06-13 15:20:04,241 INFO     ___FILE_ONLY___ |
2018-06-13 15:20:04,241 INFO     ___FILE_ONLY___ 

2018-06-13 15:20:04,241 INFO     ___FILE_ONLY___ +-----------------------------------------------------+------------+---------+
2018-06-13 15:20:04,241 INFO     ___FILE_ONLY___ 

2018-06-13 15:20:04,241 INFO     ___FILE_ONLY___ 

2018-06-13 15:20:04,725 INFO     ___FILE_ONLY___ For the latest full release notes, please visit:
  https://cloud.google.com/sdk/release_notes


2018-06-13 15:20:04,726 INFO     ___FILE_ONLY___ #============================================================#

2018-06-13 15:20:04,726 INFO     ___FILE_ONLY___ #= Creating update staging area                             =#

2018-06-13 15:20:04,726 INFO     ___FILE_ONLY___ #
2018-06-13 15:20:04,726 INFO     ___FILE_ONLY___ ======
2018-06-13 15:20:04,726 INFO     ___FILE_ONLY___ ======
2018-06-13 15:20:04,726 INFO     ___FILE_ONLY___ ======
2018-06-13 15:20:04,776 INFO     ___FILE_ONLY___ =
2018-06-13 15:20:04,805 INFO     ___FILE_ONLY___ =
2018-06-13 15:20:04,969 INFO     ___FILE_ONLY___ =
2018-06-13 15:20:05,026 INFO     ___FILE_ONLY___ =
2018-06-13 15:20:05,080 INFO     ___FILE_ONLY___ =
2018-06-13 15:20:05,110 INFO     ___FILE_ONLY___ =
2018-06-13 15:20:05,144 INFO     ___FILE_ONLY___ =
2018-06-13 15:20:05,184 INFO     ___FILE_ONLY___ =
2018-06-13 15:20:05,223 INFO     ___FILE_ONLY___ =
2018-06-13 15:20:05,271 INFO     ___FILE_ONLY___ =
2018-06-13 15:20:05,330 INFO     ___FILE_ONLY___ =
2018-06-13 15:20:05,392 INFO     ___FILE_ONLY___ =
2018-06-13 15:20:05,427 INFO     ___FILE_ONLY___ =
2018-06-13 15:20:05,490 INFO     ___FILE_ONLY___ =
2018-06-13 15:20:05,551 INFO     ___FILE_ONLY___ =
2018-06-13 15:20:05,610 INFO     ___FILE_ONLY___ =
2018-06-13 15:20:05,669 INFO     ___FILE_ONLY___ =
2018-06-13 15:20:05,739 INFO     ___FILE_ONLY___ =
2018-06-13 15:20:05,806 INFO     ___FILE_ONLY___ =
2018-06-13 15:20:05,876 INFO     ___FILE_ONLY___ =
2018-06-13 15:20:05,947 INFO     ___FILE_ONLY___ =
2018-06-13 15:20:06,004 INFO     ___FILE_ONLY___ =
2018-06-13 15:20:06,068 INFO     ___FILE_ONLY___ =
2018-06-13 15:20:06,125 INFO     ___FILE_ONLY___ =
2018-06-13 15:20:06,181 INFO     ___FILE_ONLY___ =
2018-06-13 15:20:06,244 INFO     ___FILE_ONLY___ =
2018-06-13 15:20:06,350 INFO     ___FILE_ONLY___ =
2018-06-13 15:20:06,389 INFO     ___FILE_ONLY___ =
2018-06-13 15:20:06,461 INFO     ___FILE_ONLY___ =
2018-06-13 15:20:06,537 INFO     ___FILE_ONLY___ =
2018-06-13 15:20:06,621 INFO     ___FILE_ONLY___ =
2018-06-13 15:20:06,672 INFO     ___FILE_ONLY___ =
2018-06-13 15:20:06,730 INFO     ___FILE_ONLY___ =
2018-06-13 15:20:06,782 INFO     ___FILE_ONLY___ =
2018-06-13 15:20:06,837 INFO     ___FILE_ONLY___ =
2018-06-13 15:20:06,929 INFO     ___FILE_ONLY___ =
2018-06-13 15:20:07,100 INFO     ___FILE_ONLY___ =
2018-06-13 15:20:07,173 INFO     ___FILE_ONLY___ =
2018-06-13 15:20:07,312 INFO     ___FILE_ONLY___ =
2018-06-13 15:20:07,415 INFO     ___FILE_ONLY___ =
2018-06-13 15:20:07,523 INFO     ___FILE_ONLY___ =
2018-06-13 15:20:07,680 INFO     ___FILE_ONLY___ =
2018-06-13 15:20:07,680 INFO     ___FILE_ONLY___ #

2018-06-13 15:20:07,683 INFO     ___FILE_ONLY___ #= Uninstalling: Cloud SDK Core Libraries                   =#

2018-06-13 15:20:07,684 INFO     ___FILE_ONLY___ #
2018-06-13 15:20:07,695 INFO     ___FILE_ONLY___ =
2018-06-13 15:20:07,707 INFO     ___FILE_ONLY___ =
2018-06-13 15:20:07,719 INFO     ___FILE_ONLY___ =
2018-06-13 15:20:07,730 INFO     ___FILE_ONLY___ =
2018-06-13 15:20:07,750 INFO     ___FILE_ONLY___ =
2018-06-13 15:20:07,766 INFO     ___FILE_ONLY___ =
2018-06-13 15:20:07,778 INFO     ___FILE_ONLY___ =
2018-06-13 15:20:07,800 INFO     ___FILE_ONLY___ =
2018-06-13 15:20:07,815 INFO     ___FILE_ONLY___ =
2018-06-13 15:20:07,826 INFO     ___FILE_ONLY___ =
2018-06-13 15:20:07,844 INFO     ___FILE_ONLY___ =
2018-06-13 15:20:07,861 INFO     ___FILE_ONLY___ =
2018-06-13 15:20:07,872 INFO     ___FILE_ONLY___ =
2018-06-13 15:20:07,894 INFO     ___FILE_ONLY___ =
2018-06-13 15:20:07,916 INFO     ___FILE_ONLY___ =
2018-06-13 15:20:07,932 INFO     ___FILE_ONLY___ =
2018-06-13 15:20:07,956 INFO     ___FILE_ONLY___ =
2018-06-13 15:20:07,967 INFO     ___FILE_ONLY___ =
2018-06-13 15:20:07,980 INFO     ___FILE_ONLY___ =
2018-06-13 15:20:07,997 INFO     ___FILE_ONLY___ =
2018-06-13 15:20:08,010 INFO     ___FILE_ONLY___ =
2018-06-13 15:20:08,022 INFO     ___FILE_ONLY___ =
2018-06-13 15:20:08,034 INFO     ___FILE_ONLY___ =
2018-06-13 15:20:08,056 INFO     ___FILE_ONLY___ =
2018-06-13 15:20:08,067 INFO     ___FILE_ONLY___ =
2018-06-13 15:20:08,079 INFO     ___FILE_ONLY___ =
2018-06-13 15:20:08,093 INFO     ___FILE_ONLY___ =
2018-06-13 15:20:08,107 INFO     ___FILE_ONLY___ =
2018-06-13 15:20:08,118 INFO     ___FILE_ONLY___ =
2018-06-13 15:20:08,130 INFO     ___FILE_ONLY___ =
2018-06-13 15:20:08,151 INFO     ___FILE_ONLY___ =
2018-06-13 15:20:08,164 INFO     ___FILE_ONLY___ =
2018-06-13 15:20:08,174 INFO     ___FILE_ONLY___ =
2018-06-13 15:20:08,186 INFO     ___FILE_ONLY___ =
2018-06-13 15:20:08,209 INFO     ___FILE_ONLY___ =
2018-06-13 15:20:08,222 INFO     ___FILE_ONLY___ =
2018-06-13 15:20:08,235 INFO     ___FILE_ONLY___ =
2018-06-13 15:20:08,254 INFO     ___FILE_ONLY___ =
2018-06-13 15:20:08,270 INFO     ___FILE_ONLY___ =
2018-06-13 15:20:08,282 INFO     ___FILE_ONLY___ =
2018-06-13 15:20:08,298 INFO     ___FILE_ONLY___ =
2018-06-13 15:20:08,321 INFO     ___FILE_ONLY___ =
2018-06-13 15:20:08,333 INFO     ___FILE_ONLY___ =
2018-06-13 15:20:08,352 INFO     ___FILE_ONLY___ =
2018-06-13 15:20:08,371 INFO     ___FILE_ONLY___ =
2018-06-13 15:20:08,382 INFO     ___FILE_ONLY___ =
2018-06-13 15:20:08,396 INFO     ___FILE_ONLY___ =
2018-06-13 15:20:08,420 INFO     ___FILE_ONLY___ =
2018-06-13 15:20:08,434 INFO     ___FILE_ONLY___ =
2018-06-13 15:20:08,449 INFO     ___FILE_ONLY___ =
2018-06-13 15:20:08,468 INFO     ___FILE_ONLY___ =
2018-06-13 15:20:08,480 INFO     ___FILE_ONLY___ =
2018-06-13 15:20:08,492 INFO     ___FILE_ONLY___ =
2018-06-13 15:20:08,503 INFO     ___FILE_ONLY___ =
2018-06-13 15:20:08,521 INFO     ___FILE_ONLY___ =
2018-06-13 15:20:08,536 INFO     ___FILE_ONLY___ =
2018-06-13 15:20:08,548 INFO     ___FILE_ONLY___ =
2018-06-13 15:20:08,566 INFO     ___FILE_ONLY___ =
2018-06-13 15:20:08,585 INFO     ___FILE_ONLY___ =
2018-06-13 15:20:08,596 INFO     ___FILE_ONLY___ =
2018-06-13 15:20:08,596 INFO     ___FILE_ONLY___ #

2018-06-13 15:20:08,739 INFO     ___FILE_ONLY___ #= Uninstalling: gcloud cli dependencies                    =#

2018-06-13 15:20:08,739 INFO     ___FILE_ONLY___ #
2018-06-13 15:20:08,743 INFO     ___FILE_ONLY___ =
2018-06-13 15:20:08,747 INFO     ___FILE_ONLY___ =
2018-06-13 15:20:08,750 INFO     ___FILE_ONLY___ =
2018-06-13 15:20:08,752 INFO     ___FILE_ONLY___ =
2018-06-13 15:20:08,755 INFO     ___FILE_ONLY___ =
2018-06-13 15:20:08,757 INFO     ___FILE_ONLY___ =
2018-06-13 15:20:08,760 INFO     ___FILE_ONLY___ =
2018-06-13 15:20:08,763 INFO     ___FILE_ONLY___ =
2018-06-13 15:20:08,766 INFO     ___FILE_ONLY___ =
2018-06-13 15:20:08,769 INFO     ___FILE_ONLY___ =
2018-06-13 15:20:08,772 INFO     ___FILE_ONLY___ =
2018-06-13 15:20:08,774 INFO     ___FILE_ONLY___ =
2018-06-13 15:20:08,778 INFO     ___FILE_ONLY___ =
2018-06-13 15:20:08,781 INFO     ___FILE_ONLY___ =
2018-06-13 15:20:08,783 INFO     ___FILE_ONLY___ =
2018-06-13 15:20:08,787 INFO     ___FILE_ONLY___ =
2018-06-13 15:20:08,790 INFO     ___FILE_ONLY___ =
2018-06-13 15:20:08,794 INFO     ___FILE_ONLY___ =
2018-06-13 15:20:08,797 INFO     ___FILE_ONLY___ =
2018-06-13 15:20:08,799 INFO     ___FILE_ONLY___ =
2018-06-13 15:20:08,802 INFO     ___FILE_ONLY___ =
2018-06-13 15:20:08,804 INFO     ___FILE_ONLY___ =
2018-06-13 15:20:08,807 INFO     ___FILE_ONLY___ =
2018-06-13 15:20:08,810 INFO     ___FILE_ONLY___ =
2018-06-13 15:20:08,816 INFO     ___FILE_ONLY___ =
2018-06-13 15:20:08,822 INFO     ___FILE_ONLY___ =
2018-06-13 15:20:08,826 INFO     ___FILE_ONLY___ =
2018-06-13 15:20:08,831 INFO     ___FILE_ONLY___ =
2018-06-13 15:20:08,836 INFO     ___FILE_ONLY___ =
2018-06-13 15:20:08,839 INFO     ___FILE_ONLY___ =
2018-06-13 15:20:08,842 INFO     ___FILE_ONLY___ =
2018-06-13 15:20:08,845 INFO     ___FILE_ONLY___ =
2018-06-13 15:20:08,848 INFO     ___FILE_ONLY___ =
2018-06-13 15:20:08,851 INFO     ___FILE_ONLY___ =
2018-06-13 15:20:08,853 INFO     ___FILE_ONLY___ =
2018-06-13 15:20:08,856 INFO     ___FILE_ONLY___ =
2018-06-13 15:20:08,859 INFO     ___FILE_ONLY___ =
2018-06-13 15:20:08,862 INFO     ___FILE_ONLY___ =
2018-06-13 15:20:08,865 INFO     ___FILE_ONLY___ =
2018-06-13 15:20:08,868 INFO     ___FILE_ONLY___ =
2018-06-13 15:20:08,872 INFO     ___FILE_ONLY___ =
2018-06-13 15:20:08,875 INFO     ___FILE_ONLY___ =
2018-06-13 15:20:08,879 INFO     ___FILE_ONLY___ =
2018-06-13 15:20:08,887 INFO     ___FILE_ONLY___ =
2018-06-13 15:20:08,891 INFO     ___FILE_ONLY___ =
2018-06-13 15:20:08,895 INFO     ___FILE_ONLY___ =
2018-06-13 15:20:08,900 INFO     ___FILE_ONLY___ =
2018-06-13 15:20:08,904 INFO     ___FILE_ONLY___ =
2018-06-13 15:20:08,907 INFO     ___FILE_ONLY___ =
2018-06-13 15:20:08,912 INFO     ___FILE_ONLY___ =
2018-06-13 15:20:08,916 INFO     ___FILE_ONLY___ =
2018-06-13 15:20:08,921 INFO     ___FILE_ONLY___ =
2018-06-13 15:20:08,924 INFO     ___FILE_ONLY___ =
2018-06-13 15:20:08,927 INFO     ___FILE_ONLY___ =
2018-06-13 15:20:08,930 INFO     ___FILE_ONLY___ =
2018-06-13 15:20:08,933 INFO     ___FILE_ONLY___ =
2018-06-13 15:20:08,936 INFO     ___FILE_ONLY___ =
2018-06-13 15:20:08,939 INFO     ___FILE_ONLY___ =
2018-06-13 15:20:08,942 INFO     ___FILE_ONLY___ =
2018-06-13 15:20:08,948 INFO     ___FILE_ONLY___ =
2018-06-13 15:20:08,948 INFO     ___FILE_ONLY___ #

2018-06-13 15:20:08,970 INFO     ___FILE_ONLY___ #= Installing: BigQuery Command Line Tool                   =#

2018-06-13 15:20:08,970 INFO     ___FILE_ONLY___ #
2018-06-13 15:20:09,261 INFO     ___FILE_ONLY___ =
2018-06-13 15:20:09,279 INFO     ___FILE_ONLY___ =
2018-06-13 15:20:09,305 INFO     ___FILE_ONLY___ =
2018-06-13 15:20:09,317 INFO     ___FILE_ONLY___ =
2018-06-13 15:20:09,327 INFO     ___FILE_ONLY___ =
2018-06-13 15:20:09,339 INFO     ___FILE_ONLY___ =
2018-06-13 15:20:09,356 INFO     ___FILE_ONLY___ =
2018-06-13 15:20:09,363 INFO     ___FILE_ONLY___ =
2018-06-13 15:20:09,368 INFO     ___FILE_ONLY___ =
2018-06-13 15:20:09,374 INFO     ___FILE_ONLY___ =
2018-06-13 15:20:09,385 INFO     ___FILE_ONLY___ =
2018-06-13 15:20:09,394 INFO     ___FILE_ONLY___ =
2018-06-13 15:20:09,397 INFO     ___FILE_ONLY___ =
2018-06-13 15:20:09,417 INFO     ___FILE_ONLY___ =
2018-06-13 15:20:09,419 INFO     ___FILE_ONLY___ =
2018-06-13 15:20:09,421 INFO     ___FILE_ONLY___ =
2018-06-13 15:20:09,423 INFO     ___FILE_ONLY___ =
2018-06-13 15:20:09,432 INFO     ___FILE_ONLY___ =
2018-06-13 15:20:09,434 INFO     ___FILE_ONLY___ =
2018-06-13 15:20:09,520 INFO     ___FILE_ONLY___ =
2018-06-13 15:20:09,522 INFO     ___FILE_ONLY___ =
2018-06-13 15:20:09,524 INFO     ___FILE_ONLY___ =
2018-06-13 15:20:09,526 INFO     ___FILE_ONLY___ =
2018-06-13 15:20:09,548 INFO     ___FILE_ONLY___ =
2018-06-13 15:20:09,566 INFO     ___FILE_ONLY___ =
2018-06-13 15:20:09,566 INFO     ___FILE_ONLY___ =
2018-06-13 15:20:09,567 INFO     ___FILE_ONLY___ =
2018-06-13 15:20:09,568 INFO     ___FILE_ONLY___ =
2018-06-13 15:20:09,569 INFO     ___FILE_ONLY___ =
2018-06-13 15:20:09,570 INFO     ___FILE_ONLY___ =
2018-06-13 15:20:09,610 INFO     ___FILE_ONLY___ =
2018-06-13 15:20:09,615 INFO     ___FILE_ONLY___ =
2018-06-13 15:20:09,618 INFO     ___FILE_ONLY___ =
2018-06-13 15:20:09,621 INFO     ___FILE_ONLY___ =
2018-06-13 15:20:09,624 INFO     ___FILE_ONLY___ =
2018-06-13 15:20:09,627 INFO     ___FILE_ONLY___ =
2018-06-13 15:20:09,630 INFO     ___FILE_ONLY___ =
2018-06-13 15:20:09,633 INFO     ___FILE_ONLY___ =
2018-06-13 15:20:09,636 INFO     ___FILE_ONLY___ =
2018-06-13 15:20:09,639 INFO     ___FILE_ONLY___ =
2018-06-13 15:20:09,644 INFO     ___FILE_ONLY___ =
2018-06-13 15:20:09,656 INFO     ___FILE_ONLY___ =
2018-06-13 15:20:09,661 INFO     ___FILE_ONLY___ =
2018-06-13 15:20:09,667 INFO     ___FILE_ONLY___ =
2018-06-13 15:20:09,669 INFO     ___FILE_ONLY___ =
2018-06-13 15:20:09,672 INFO     ___FILE_ONLY___ =
2018-06-13 15:20:09,675 INFO     ___FILE_ONLY___ =
2018-06-13 15:20:09,677 INFO     ___FILE_ONLY___ =
2018-06-13 15:20:09,680 INFO     ___FILE_ONLY___ =
2018-06-13 15:20:09,684 INFO     ___FILE_ONLY___ =
2018-06-13 15:20:09,689 INFO     ___FILE_ONLY___ =
2018-06-13 15:20:09,693 INFO     ___FILE_ONLY___ =
2018-06-13 15:20:09,704 INFO     ___FILE_ONLY___ =
2018-06-13 15:20:09,708 INFO     ___FILE_ONLY___ =
2018-06-13 15:20:09,715 INFO     ___FILE_ONLY___ =
2018-06-13 15:20:09,719 INFO     ___FILE_ONLY___ =
2018-06-13 15:20:09,722 INFO     ___FILE_ONLY___ =
2018-06-13 15:20:09,725 INFO     ___FILE_ONLY___ =
2018-06-13 15:20:09,729 INFO     ___FILE_ONLY___ =
2018-06-13 15:20:09,735 INFO     ___FILE_ONLY___ =
2018-06-13 15:20:09,736 INFO     ___FILE_ONLY___ #

2018-06-13 15:20:09,741 INFO     ___FILE_ONLY___ #= Installing: BigQuery Command Line Tool (Platform Spec... =#

2018-06-13 15:20:09,742 INFO     ___FILE_ONLY___ #
2018-06-13 15:20:09,972 INFO     ___FILE_ONLY___ ==============================
2018-06-13 15:20:09,973 INFO     ___FILE_ONLY___ ===============
2018-06-13 15:20:09,974 INFO     ___FILE_ONLY___ ===============
2018-06-13 15:20:09,974 INFO     ___FILE_ONLY___ #

2018-06-13 15:20:09,977 INFO     ___FILE_ONLY___ #= Installing: Cloud SDK Core Libraries                     =#

2018-06-13 15:20:09,977 INFO     ___FILE_ONLY___ #
2018-06-13 15:20:11,057 INFO     ___FILE_ONLY___ =
2018-06-13 15:20:11,929 INFO     ___FILE_ONLY___ =
2018-06-13 15:20:12,157 INFO     ___FILE_ONLY___ =
2018-06-13 15:20:12,829 INFO     ___FILE_ONLY___ =
2018-06-13 15:20:14,179 INFO     ___FILE_ONLY___ =
2018-06-13 15:20:15,085 INFO     ___FILE_ONLY___ =
2018-06-13 15:20:15,210 INFO     ___FILE_ONLY___ =
2018-06-13 15:20:16,182 INFO     ___FILE_ONLY___ =
2018-06-13 15:20:16,896 INFO     ___FILE_ONLY___ =
2018-06-13 15:20:16,992 INFO     ___FILE_ONLY___ =
2018-06-13 15:20:18,238 INFO     ___FILE_ONLY___ =
2018-06-13 15:20:19,107 INFO     ___FILE_ONLY___ =
2018-06-13 15:20:19,218 INFO     ___FILE_ONLY___ =
2018-06-13 15:20:20,080 INFO     ___FILE_ONLY___ =
2018-06-13 15:20:21,312 INFO     ___FILE_ONLY___ =
2018-06-13 15:20:21,513 INFO     ___FILE_ONLY___ =
2018-06-13 15:20:21,615 INFO     ___FILE_ONLY___ =
2018-06-13 15:20:23,828 INFO     ___FILE_ONLY___ =
2018-06-13 15:20:23,925 INFO     ___FILE_ONLY___ =
2018-06-13 15:20:25,131 INFO     ___FILE_ONLY___ =
2018-06-13 15:20:25,931 INFO     ___FILE_ONLY___ =
2018-06-13 15:20:26,901 INFO     ___FILE_ONLY___ =
2018-06-13 15:20:28,290 INFO     ___FILE_ONLY___ =
2018-06-13 15:20:28,443 INFO     ___FILE_ONLY___ =
2018-06-13 15:20:28,551 INFO     ___FILE_ONLY___ =
2018-06-13 15:20:30,782 INFO     ___FILE_ONLY___ =
2018-06-13 15:20:30,904 INFO     ___FILE_ONLY___ =
2018-06-13 15:20:32,194 INFO     ___FILE_ONLY___ =
2018-06-13 15:20:32,961 INFO     ___FILE_ONLY___ =
2018-06-13 15:20:34,070 INFO     ___FILE_ONLY___ =
2018-06-13 15:20:34,636 INFO     ___FILE_ONLY___ =
2018-06-13 15:20:34,684 INFO     ___FILE_ONLY___ =
2018-06-13 15:20:34,757 INFO     ___FILE_ONLY___ =
2018-06-13 15:20:34,836 INFO     ___FILE_ONLY___ =
2018-06-13 15:20:34,889 INFO     ___FILE_ONLY___ =
2018-06-13 15:20:34,953 INFO     ___FILE_ONLY___ =
2018-06-13 15:20:35,013 INFO     ___FILE_ONLY___ =
2018-06-13 15:20:35,078 INFO     ___FILE_ONLY___ =
2018-06-13 15:20:35,139 INFO     ___FILE_ONLY___ =
2018-06-13 15:20:35,195 INFO     ___FILE_ONLY___ =
2018-06-13 15:20:35,258 INFO     ___FILE_ONLY___ =
2018-06-13 15:20:35,320 INFO     ___FILE_ONLY___ =
2018-06-13 15:20:35,391 INFO     ___FILE_ONLY___ =
2018-06-13 15:20:35,437 INFO     ___FILE_ONLY___ =
2018-06-13 15:20:35,509 INFO     ___FILE_ONLY___ =
2018-06-13 15:20:35,597 INFO     ___FILE_ONLY___ =
2018-06-13 15:20:35,672 INFO     ___FILE_ONLY___ =
2018-06-13 15:20:35,787 INFO     ___FILE_ONLY___ =
2018-06-13 15:20:35,844 INFO     ___FILE_ONLY___ =
2018-06-13 15:20:35,927 INFO     ___FILE_ONLY___ =
2018-06-13 15:20:35,977 INFO     ___FILE_ONLY___ =
2018-06-13 15:20:36,035 INFO     ___FILE_ONLY___ =
2018-06-13 15:20:36,090 INFO     ___FILE_ONLY___ =
2018-06-13 15:20:36,145 INFO     ___FILE_ONLY___ =
2018-06-13 15:20:36,208 INFO     ___FILE_ONLY___ =
2018-06-13 15:20:36,269 INFO     ___FILE_ONLY___ =
2018-06-13 15:20:36,340 INFO     ___FILE_ONLY___ =
2018-06-13 15:20:36,399 INFO     ___FILE_ONLY___ =
2018-06-13 15:20:36,460 INFO     ___FILE_ONLY___ =
2018-06-13 15:20:36,524 INFO     ___FILE_ONLY___ =
2018-06-13 15:20:36,525 INFO     ___FILE_ONLY___ #

2018-06-13 15:20:36,592 INFO     ___FILE_ONLY___ #= Installing: Cloud SDK Core Libraries (Platform Specific) =#

2018-06-13 15:20:36,592 INFO     ___FILE_ONLY___ #
2018-06-13 15:20:36,839 INFO     ___FILE_ONLY___ ==============================
2018-06-13 15:20:36,840 INFO     ___FILE_ONLY___ ==========
2018-06-13 15:20:36,841 INFO     ___FILE_ONLY___ =========
2018-06-13 15:20:36,842 INFO     ___FILE_ONLY___ ===========
2018-06-13 15:20:36,842 INFO     ___FILE_ONLY___ #

2018-06-13 15:20:36,845 INFO     ___FILE_ONLY___ #= Installing: Cloud Storage Command Line Tool              =#

2018-06-13 15:20:36,845 INFO     ___FILE_ONLY___ #
2018-06-13 15:20:37,213 INFO     ___FILE_ONLY___ =
2018-06-13 15:20:37,253 INFO     ___FILE_ONLY___ =
2018-06-13 15:20:37,295 INFO     ___FILE_ONLY___ =
2018-06-13 15:20:37,886 INFO     ___FILE_ONLY___ =
2018-06-13 15:20:37,960 INFO     ___FILE_ONLY___ =
2018-06-13 15:20:38,075 INFO     ___FILE_ONLY___ =
2018-06-13 15:20:39,200 INFO     ___FILE_ONLY___ =
2018-06-13 15:20:39,328 INFO     ___FILE_ONLY___ =
2018-06-13 15:20:39,387 INFO     ___FILE_ONLY___ =
2018-06-13 15:20:39,449 INFO     ___FILE_ONLY___ =
2018-06-13 15:20:39,522 INFO     ___FILE_ONLY___ =
2018-06-13 15:20:39,594 INFO     ___FILE_ONLY___ =
2018-06-13 15:20:39,647 INFO     ___FILE_ONLY___ =
2018-06-13 15:20:40,847 INFO     ___FILE_ONLY___ =
2018-06-13 15:20:40,994 INFO     ___FILE_ONLY___ =
2018-06-13 15:20:41,071 INFO     ___FILE_ONLY___ =
2018-06-13 15:20:42,153 INFO     ___FILE_ONLY___ =
2018-06-13 15:20:42,255 INFO     ___FILE_ONLY___ =
2018-06-13 15:20:42,302 INFO     ___FILE_ONLY___ =
2018-06-13 15:20:42,352 INFO     ___FILE_ONLY___ =
2018-06-13 15:20:42,996 INFO     ___FILE_ONLY___ =
2018-06-13 15:20:43,073 INFO     ___FILE_ONLY___ =
2018-06-13 15:20:43,110 INFO     ___FILE_ONLY___ =
2018-06-13 15:20:43,912 INFO     ___FILE_ONLY___ =
2018-06-13 15:20:43,967 INFO     ___FILE_ONLY___ =
2018-06-13 15:20:44,091 INFO     ___FILE_ONLY___ =
2018-06-13 15:20:45,127 INFO     ___FILE_ONLY___ =
2018-06-13 15:20:45,210 INFO     ___FILE_ONLY___ =
2018-06-13 15:20:45,625 INFO     ___FILE_ONLY___ =
2018-06-13 15:20:45,963 INFO     ___FILE_ONLY___ =
2018-06-13 15:20:46,215 INFO     ___FILE_ONLY___ =
2018-06-13 15:20:46,241 INFO     ___FILE_ONLY___ =
2018-06-13 15:20:46,272 INFO     ___FILE_ONLY___ =
2018-06-13 15:20:46,313 INFO     ___FILE_ONLY___ =
2018-06-13 15:20:46,355 INFO     ___FILE_ONLY___ =
2018-06-13 15:20:46,393 INFO     ___FILE_ONLY___ =
2018-06-13 15:20:46,439 INFO     ___FILE_ONLY___ =
2018-06-13 15:20:46,475 INFO     ___FILE_ONLY___ =
2018-06-13 15:20:46,521 INFO     ___FILE_ONLY___ =
2018-06-13 15:20:46,563 INFO     ___FILE_ONLY___ =
2018-06-13 15:20:46,610 INFO     ___FILE_ONLY___ =
2018-06-13 15:20:46,665 INFO     ___FILE_ONLY___ =
2018-06-13 15:20:46,717 INFO     ___FILE_ONLY___ =
2018-06-13 15:20:46,754 INFO     ___FILE_ONLY___ =
2018-06-13 15:20:46,793 INFO     ___FILE_ONLY___ =
2018-06-13 15:20:46,835 INFO     ___FILE_ONLY___ =
2018-06-13 15:20:46,865 INFO     ___FILE_ONLY___ =
2018-06-13 15:20:46,897 INFO     ___FILE_ONLY___ =
2018-06-13 15:20:46,918 INFO     ___FILE_ONLY___ =
2018-06-13 15:20:46,958 INFO     ___FILE_ONLY___ =
2018-06-13 15:20:46,996 INFO     ___FILE_ONLY___ =
2018-06-13 15:20:47,019 INFO     ___FILE_ONLY___ =
2018-06-13 15:20:47,060 INFO     ___FILE_ONLY___ =
2018-06-13 15:20:47,104 INFO     ___FILE_ONLY___ =
2018-06-13 15:20:47,136 INFO     ___FILE_ONLY___ =
2018-06-13 15:20:47,174 INFO     ___FILE_ONLY___ =
2018-06-13 15:20:47,222 INFO     ___FILE_ONLY___ =
2018-06-13 15:20:47,263 INFO     ___FILE_ONLY___ =
2018-06-13 15:20:47,305 INFO     ___FILE_ONLY___ =
2018-06-13 15:20:47,344 INFO     ___FILE_ONLY___ =
2018-06-13 15:20:47,344 INFO     ___FILE_ONLY___ #

2018-06-13 15:20:47,393 INFO     ___FILE_ONLY___ #= Installing: Cloud Storage Command Line Tool (Platform... =#

2018-06-13 15:20:47,393 INFO     ___FILE_ONLY___ #
2018-06-13 15:20:47,623 INFO     ___FILE_ONLY___ ==============================
2018-06-13 15:20:47,624 INFO     ___FILE_ONLY___ ===============
2018-06-13 15:20:47,625 INFO     ___FILE_ONLY___ ===============
2018-06-13 15:20:47,625 INFO     ___FILE_ONLY___ #

2018-06-13 15:20:47,628 INFO     ___FILE_ONLY___ #= Installing: Default set of gcloud commands               =#

2018-06-13 15:20:47,628 INFO     ___FILE_ONLY___ #
2018-06-13 15:20:47,631 INFO     ___FILE_ONLY___ ============================================================
2018-06-13 15:20:47,631 INFO     ___FILE_ONLY___ #

2018-06-13 15:20:47,631 INFO     ___FILE_ONLY___ #= Installing: gcloud cli dependencies                      =#

2018-06-13 15:20:47,631 INFO     ___FILE_ONLY___ #
2018-06-13 15:20:47,986 INFO     ___FILE_ONLY___ =
2018-06-13 15:20:48,116 INFO     ___FILE_ONLY___ =
2018-06-13 15:20:48,161 INFO     ___FILE_ONLY___ =
2018-06-13 15:20:48,187 INFO     ___FILE_ONLY___ =
2018-06-13 15:20:48,206 INFO     ___FILE_ONLY___ =
2018-06-13 15:20:48,221 INFO     ___FILE_ONLY___ =
2018-06-13 15:20:48,778 INFO     ___FILE_ONLY___ =
2018-06-13 15:20:48,830 INFO     ___FILE_ONLY___ =
2018-06-13 15:20:48,877 INFO     ___FILE_ONLY___ =
2018-06-13 15:20:48,910 INFO     ___FILE_ONLY___ =
2018-06-13 15:20:48,926 INFO     ___FILE_ONLY___ =
2018-06-13 15:20:48,941 INFO     ___FILE_ONLY___ =
2018-06-13 15:20:48,952 INFO     ___FILE_ONLY___ =
2018-06-13 15:20:49,967 INFO     ___FILE_ONLY___ =
2018-06-13 15:20:50,114 INFO     ___FILE_ONLY___ =
2018-06-13 15:20:50,127 INFO     ___FILE_ONLY___ =
2018-06-13 15:20:50,168 INFO     ___FILE_ONLY___ =
2018-06-13 15:20:50,181 INFO     ___FILE_ONLY___ =
2018-06-13 15:20:50,201 INFO     ___FILE_ONLY___ =
2018-06-13 15:20:50,220 INFO     ___FILE_ONLY___ =
2018-06-13 15:20:50,238 INFO     ___FILE_ONLY___ =
2018-06-13 15:20:50,253 INFO     ___FILE_ONLY___ =
2018-06-13 15:20:51,018 INFO     ___FILE_ONLY___ =
2018-06-13 15:20:51,068 INFO     ___FILE_ONLY___ =
2018-06-13 15:20:51,121 INFO     ___FILE_ONLY___ =
2018-06-13 15:20:51,130 INFO     ___FILE_ONLY___ =
2018-06-13 15:20:51,144 INFO     ___FILE_ONLY___ =
2018-06-13 15:20:51,171 INFO     ___FILE_ONLY___ =
2018-06-13 15:20:51,185 INFO     ___FILE_ONLY___ =
2018-06-13 15:20:51,200 INFO     ___FILE_ONLY___ =
2018-06-13 15:20:51,255 INFO     ___FILE_ONLY___ =
2018-06-13 15:20:51,257 INFO     ___FILE_ONLY___ =
2018-06-13 15:20:51,258 INFO     ___FILE_ONLY___ =
2018-06-13 15:20:51,261 INFO     ___FILE_ONLY___ =
2018-06-13 15:20:51,264 INFO     ___FILE_ONLY___ =
2018-06-13 15:20:51,267 INFO     ___FILE_ONLY___ =
2018-06-13 15:20:51,269 INFO     ___FILE_ONLY___ =
2018-06-13 15:20:51,270 INFO     ___FILE_ONLY___ =
2018-06-13 15:20:51,271 INFO     ___FILE_ONLY___ =
2018-06-13 15:20:51,272 INFO     ___FILE_ONLY___ =
2018-06-13 15:20:51,274 INFO     ___FILE_ONLY___ =
2018-06-13 15:20:51,275 INFO     ___FILE_ONLY___ =
2018-06-13 15:20:51,276 INFO     ___FILE_ONLY___ =
2018-06-13 15:20:51,276 INFO     ___FILE_ONLY___ =
2018-06-13 15:20:51,278 INFO     ___FILE_ONLY___ =
2018-06-13 15:20:51,279 INFO     ___FILE_ONLY___ =
2018-06-13 15:20:51,280 INFO     ___FILE_ONLY___ =
2018-06-13 15:20:51,281 INFO     ___FILE_ONLY___ =
2018-06-13 15:20:51,282 INFO     ___FILE_ONLY___ =
2018-06-13 15:20:51,284 INFO     ___FILE_ONLY___ =
2018-06-13 15:20:51,285 INFO     ___FILE_ONLY___ =
2018-06-13 15:20:51,286 INFO     ___FILE_ONLY___ =
2018-06-13 15:20:51,313 INFO     ___FILE_ONLY___ =
2018-06-13 15:20:51,313 INFO     ___FILE_ONLY___ =
2018-06-13 15:20:51,316 INFO     ___FILE_ONLY___ =
2018-06-13 15:20:51,328 INFO     ___FILE_ONLY___ =
2018-06-13 15:20:51,330 INFO     ___FILE_ONLY___ =
2018-06-13 15:20:51,332 INFO     ___FILE_ONLY___ =
2018-06-13 15:20:51,336 INFO     ___FILE_ONLY___ =
2018-06-13 15:20:51,338 INFO     ___FILE_ONLY___ =
2018-06-13 15:20:51,338 INFO     ___FILE_ONLY___ #

2018-06-13 15:20:51,343 INFO     ___FILE_ONLY___ #= Installing: gcloud cli dependencies                      =#

2018-06-13 15:20:51,343 INFO     ___FILE_ONLY___ #
2018-06-13 15:20:51,774 INFO     ___FILE_ONLY___ =
2018-06-13 15:20:51,814 INFO     ___FILE_ONLY___ =
2018-06-13 15:20:51,842 INFO     ___FILE_ONLY___ =
2018-06-13 15:20:51,883 INFO     ___FILE_ONLY___ =
2018-06-13 15:20:52,792 INFO     ___FILE_ONLY___ =
2018-06-13 15:20:53,006 INFO     ___FILE_ONLY___ =
2018-06-13 15:20:53,050 INFO     ___FILE_ONLY___ =
2018-06-13 15:20:53,075 INFO     ___FILE_ONLY___ =
2018-06-13 15:20:53,098 INFO     ___FILE_ONLY___ =
2018-06-13 15:20:54,215 INFO     ___FILE_ONLY___ =
2018-06-13 15:20:54,302 INFO     ___FILE_ONLY___ =
2018-06-13 15:20:54,327 INFO     ___FILE_ONLY___ =
2018-06-13 15:20:54,358 INFO     ___FILE_ONLY___ =
2018-06-13 15:20:54,386 INFO     ___FILE_ONLY___ =
2018-06-13 15:20:54,570 INFO     ___FILE_ONLY___ =
2018-06-13 15:20:54,655 INFO     ___FILE_ONLY___ =
2018-06-13 15:20:54,669 INFO     ___FILE_ONLY___ =
2018-06-13 15:20:54,685 INFO     ___FILE_ONLY___ =
2018-06-13 15:20:54,711 INFO     ___FILE_ONLY___ =
2018-06-13 15:20:55,749 INFO     ___FILE_ONLY___ =
2018-06-13 15:20:55,805 INFO     ___FILE_ONLY___ =
2018-06-13 15:20:55,855 INFO     ___FILE_ONLY___ =
2018-06-13 15:20:55,904 INFO     ___FILE_ONLY___ =
2018-06-13 15:20:55,924 INFO     ___FILE_ONLY___ =
2018-06-13 15:20:57,168 INFO     ___FILE_ONLY___ =
2018-06-13 15:20:57,225 INFO     ___FILE_ONLY___ =
2018-06-13 15:20:57,263 INFO     ___FILE_ONLY___ =
2018-06-13 15:20:57,880 INFO     ___FILE_ONLY___ =
2018-06-13 15:20:57,940 INFO     ___FILE_ONLY___ =
2018-06-13 15:20:58,084 INFO     ___FILE_ONLY___ =
2018-06-13 15:20:58,219 INFO     ___FILE_ONLY___ =
2018-06-13 15:20:58,230 INFO     ___FILE_ONLY___ =
2018-06-13 15:20:58,243 INFO     ___FILE_ONLY___ =
2018-06-13 15:20:58,258 INFO     ___FILE_ONLY___ =
2018-06-13 15:20:58,272 INFO     ___FILE_ONLY___ =
2018-06-13 15:20:58,297 INFO     ___FILE_ONLY___ =
2018-06-13 15:20:58,313 INFO     ___FILE_ONLY___ =
2018-06-13 15:20:58,327 INFO     ___FILE_ONLY___ =
2018-06-13 15:20:58,371 INFO     ___FILE_ONLY___ =
2018-06-13 15:20:58,389 INFO     ___FILE_ONLY___ =
2018-06-13 15:20:58,404 INFO     ___FILE_ONLY___ =
2018-06-13 15:20:58,437 INFO     ___FILE_ONLY___ =
2018-06-13 15:20:58,454 INFO     ___FILE_ONLY___ =
2018-06-13 15:20:58,472 INFO     ___FILE_ONLY___ =
2018-06-13 15:20:58,504 INFO     ___FILE_ONLY___ =
2018-06-13 15:20:58,520 INFO     ___FILE_ONLY___ =
2018-06-13 15:20:58,536 INFO     ___FILE_ONLY___ =
2018-06-13 15:20:58,563 INFO     ___FILE_ONLY___ =
2018-06-13 15:20:58,581 INFO     ___FILE_ONLY___ =
2018-06-13 15:20:58,596 INFO     ___FILE_ONLY___ =
2018-06-13 15:20:58,617 INFO     ___FILE_ONLY___ =
2018-06-13 15:20:58,644 INFO     ___FILE_ONLY___ =
2018-06-13 15:20:58,661 INFO     ___FILE_ONLY___ =
2018-06-13 15:20:58,690 INFO     ___FILE_ONLY___ =
2018-06-13 15:20:58,712 INFO     ___FILE_ONLY___ =
2018-06-13 15:20:58,744 INFO     ___FILE_ONLY___ =
2018-06-13 15:20:58,762 INFO     ___FILE_ONLY___ =
2018-06-13 15:20:58,786 INFO     ___FILE_ONLY___ =
2018-06-13 15:20:58,800 INFO     ___FILE_ONLY___ =
2018-06-13 15:20:58,812 INFO     ___FILE_ONLY___ =
2018-06-13 15:20:58,812 INFO     ___FILE_ONLY___ #

2018-06-13 15:20:58,827 INFO     ___FILE_ONLY___ #= Creating backup and activating new installation          =#

2018-06-13 15:20:58,827 INFO     ___FILE_ONLY___ #
2018-06-13 15:20:58,828 DEBUG    root            Attempting to move directory [/usr/local/Caskroom/google-cloud-sdk/latest/google-cloud-sdk] to [/usr/local/Caskroom/google-cloud-sdk/latest/google-cloud-sdk.staging/.install/.backup]
2018-06-13 15:20:58,830 INFO     ___FILE_ONLY___ ==============================
2018-06-13 15:20:58,830 DEBUG    root            Attempting to move directory [/usr/local/Caskroom/google-cloud-sdk/latest/google-cloud-sdk.staging] to [/usr/local/Caskroom/google-cloud-sdk/latest/google-cloud-sdk]
2018-06-13 15:20:58,831 INFO     ___FILE_ONLY___ ==============================
2018-06-13 15:20:58,832 INFO     ___FILE_ONLY___ #

2018-06-13 15:20:58,849 DEBUG    root            Updating notification cache...
2018-06-13 15:20:58,850 INFO     ___FILE_ONLY___ 

2018-06-13 15:20:58,850 INFO     ___FILE_ONLY___ Performing post processing steps...
2018-06-13 15:20:58,851 DEBUG    root            Executing command: ['/System/Library/Frameworks/Python.framework/Versions/2.7/Resources/Python.app/Contents/MacOS/Python', u'-S', u'/usr/local/Caskroom/google-cloud-sdk/latest/google-cloud-sdk/lib/gcloud.py', u'components', u'post-process']
2018-06-13 15:21:09,322 DEBUG    ___FILE_ONLY___ 
2018-06-13 15:21:09,323 DEBUG    ___FILE_ONLY___ 
2018-06-13 15:21:09,420 INFO     ___FILE_ONLY___ 
Update done!


2018-06-13 15:21:09,434 INFO     root            Display format: "none"
