2018-06-13 15:39:47,156 DEBUG    root            Loaded Command Group: [u'gcloud', u'container']
2018-06-13 15:39:47,158 DEBUG    root            Loaded Command Group: [u'gcloud', u'container', u'clusters']
2018-06-13 15:39:47,161 DEBUG    root            Loaded Command Group: [u'gcloud', u'container', u'clusters', u'list']
2018-06-13 15:39:47,185 DEBUG    root            Running [gcloud.container.clusters.list] with arguments: []
2018-06-13 15:39:52,472 WARNING  root            The following zones did not respond: australia-southeast1. List results may be incomplete.
2018-06-13 15:39:52,474 INFO     root            Display format: "
    table(
        name,
        zone:label=LOCATION,
        master_version():label=MASTER_VERSION,
        endpoint:label=MASTER_IP,
        nodePools[0].config.machineType,
        currentNodeVersion:label=NODE_VERSION,
        firstof(currentNodeCount,initialNodeCount):label=NUM_NODES,
        status
    )
"
2018-06-13 15:39:52,477 INFO     ___FILE_ONLY___ NAME
2018-06-13 15:39:52,477 INFO     ___FILE_ONLY___         
2018-06-13 15:39:52,477 INFO     ___FILE_ONLY___ LOCATION
2018-06-13 15:39:52,478 INFO     ___FILE_ONLY___         
2018-06-13 15:39:52,478 INFO     ___FILE_ONLY___ MASTER_VERSION
2018-06-13 15:39:52,478 INFO     ___FILE_ONLY___   
2018-06-13 15:39:52,478 INFO     ___FILE_ONLY___ MASTER_IP
2018-06-13 15:39:52,478 INFO     ___FILE_ONLY___       
2018-06-13 15:39:52,478 INFO     ___FILE_ONLY___ MACHINE_TYPE
2018-06-13 15:39:52,478 INFO     ___FILE_ONLY___    
2018-06-13 15:39:52,478 INFO     ___FILE_ONLY___ NODE_VERSION
2018-06-13 15:39:52,479 INFO     ___FILE_ONLY___   
2018-06-13 15:39:52,479 INFO     ___FILE_ONLY___ NUM_NODES
2018-06-13 15:39:52,479 INFO     ___FILE_ONLY___   
2018-06-13 15:39:52,479 INFO     ___FILE_ONLY___ STATUS
2018-06-13 15:39:52,479 INFO     ___FILE_ONLY___ 

2018-06-13 15:39:52,479 INFO     ___FILE_ONLY___ cv-cluster
2018-06-13 15:39:52,479 INFO     ___FILE_ONLY___   
2018-06-13 15:39:52,479 INFO     ___FILE_ONLY___ europe-west2-b
2018-06-13 15:39:52,480 INFO     ___FILE_ONLY___   
2018-06-13 15:39:52,480 INFO     ___FILE_ONLY___ 1.10.2-gke.3
2018-06-13 15:39:52,480 INFO     ___FILE_ONLY___     
2018-06-13 15:39:52,480 INFO     ___FILE_ONLY___ 35.189.64.245
2018-06-13 15:39:52,480 INFO     ___FILE_ONLY___   
2018-06-13 15:39:52,480 INFO     ___FILE_ONLY___ n1-standard-1
2018-06-13 15:39:52,480 INFO     ___FILE_ONLY___   
2018-06-13 15:39:52,480 INFO     ___FILE_ONLY___ 1.10.2-gke.3
2018-06-13 15:39:52,481 INFO     ___FILE_ONLY___   
2018-06-13 15:39:52,481 INFO     ___FILE_ONLY___ 3
2018-06-13 15:39:52,481 INFO     ___FILE_ONLY___           
2018-06-13 15:39:52,481 INFO     ___FILE_ONLY___ PROVISIONING
2018-06-13 15:39:52,481 INFO     ___FILE_ONLY___ 

