2018-06-13 15:39:57,356 DEBUG    root            Loaded Command Group: [u'gcloud', u'container']
2018-06-13 15:39:57,358 DEBUG    root            Loaded Command Group: [u'gcloud', u'container', u'clusters']
2018-06-13 15:39:57,361 DEBUG    root            Loaded Command Group: [u'gcloud', u'container', u'clusters', u'list']
2018-06-13 15:39:57,386 DEBUG    root            Running [gcloud.container.clusters.list] with arguments: []
2018-06-13 15:39:58,098 INFO     root            Display format: "
    table(
        name,
        zone:label=LOCATION,
        master_version():label=MASTER_VERSION,
        endpoint:label=MASTER_IP,
        nodePools[0].config.machineType,
        currentNodeVersion:label=NODE_VERSION,
        firstof(currentNodeCount,initialNodeCount):label=NUM_NODES,
        status
    )
"
2018-06-13 15:39:58,102 INFO     ___FILE_ONLY___ NAME
2018-06-13 15:39:58,102 INFO     ___FILE_ONLY___         
2018-06-13 15:39:58,102 INFO     ___FILE_ONLY___ LOCATION
2018-06-13 15:39:58,102 INFO     ___FILE_ONLY___         
2018-06-13 15:39:58,102 INFO     ___FILE_ONLY___ MASTER_VERSION
2018-06-13 15:39:58,103 INFO     ___FILE_ONLY___   
2018-06-13 15:39:58,103 INFO     ___FILE_ONLY___ MASTER_IP
2018-06-13 15:39:58,103 INFO     ___FILE_ONLY___       
2018-06-13 15:39:58,103 INFO     ___FILE_ONLY___ MACHINE_TYPE
2018-06-13 15:39:58,103 INFO     ___FILE_ONLY___    
2018-06-13 15:39:58,103 INFO     ___FILE_ONLY___ NODE_VERSION
2018-06-13 15:39:58,103 INFO     ___FILE_ONLY___   
2018-06-13 15:39:58,103 INFO     ___FILE_ONLY___ NUM_NODES
2018-06-13 15:39:58,104 INFO     ___FILE_ONLY___   
2018-06-13 15:39:58,104 INFO     ___FILE_ONLY___ STATUS
2018-06-13 15:39:58,104 INFO     ___FILE_ONLY___ 

2018-06-13 15:39:58,104 INFO     ___FILE_ONLY___ cv-cluster
2018-06-13 15:39:58,104 INFO     ___FILE_ONLY___   
2018-06-13 15:39:58,104 INFO     ___FILE_ONLY___ europe-west2-b
2018-06-13 15:39:58,104 INFO     ___FILE_ONLY___   
2018-06-13 15:39:58,104 INFO     ___FILE_ONLY___ 1.10.2-gke.3
2018-06-13 15:39:58,105 INFO     ___FILE_ONLY___     
2018-06-13 15:39:58,105 INFO     ___FILE_ONLY___ 35.189.64.245
2018-06-13 15:39:58,105 INFO     ___FILE_ONLY___   
2018-06-13 15:39:58,105 INFO     ___FILE_ONLY___ n1-standard-1
2018-06-13 15:39:58,105 INFO     ___FILE_ONLY___   
2018-06-13 15:39:58,105 INFO     ___FILE_ONLY___ 1.10.2-gke.3
2018-06-13 15:39:58,105 INFO     ___FILE_ONLY___   
2018-06-13 15:39:58,105 INFO     ___FILE_ONLY___ 3
2018-06-13 15:39:58,106 INFO     ___FILE_ONLY___           
2018-06-13 15:39:58,106 INFO     ___FILE_ONLY___ RUNNING
2018-06-13 15:39:58,106 INFO     ___FILE_ONLY___ 

