2018-06-13 15:44:03,481 DEBUG    root            Loaded Command Group: [u'gcloud', u'config']
2018-06-13 15:44:03,486 DEBUG    root            Loaded Command Group: [u'gcloud', u'config', u'config_helper']
2018-06-13 15:44:03,489 DEBUG    root            Running [gcloud.config.config-helper] with arguments: [--format: "json"]
2018-06-13 15:44:03,496 INFO     root            Display format: "default json"
2018-06-13 15:44:03,496 INFO     ___FILE_ONLY___ {
  "configuration": {
    "active_configuration": "lidan-personal",
    "properties": {
      "compute": {
        "zone": "europe-west2-b"
      },
      "core": {
        "account": "euroil@gmail.com",
        "disable_usage_reporting": "True",
        "project": "kubernetes-ndc-workshop"
      }
    }
  },
  "credential": {
    "access_token": "ya29.GlvZBT4jL80pPzKoih5iui4c2V0w5DDiFeIa2d_zJvvpVPF1hP49JN_kN6TL06KHKTf5Vh8fpOaHLdprMjJeq8Lrh334np1W8uAOFpXp41bDgIzEyR64ABDritII",
    "token_expiry": "2018-06-13T14:28:09Z"
  },
  "sentinels": {
    "config_sentinel": "/Users/lidanh/.config/gcloud/config_sentinel"
  }
}
2018-06-13 15:44:03,497 INFO     ___FILE_ONLY___ 

